This is pdfTeX, Version 3.14159265-2.6-1.40.20 (TeX Live 2019/Debian) (preloaded format=pdflatex 2022.5.25)  1 JUN 2022 11:19
entering extended mode
 restricted \write18 enabled.
 file:line:error style messages enabled.
 %&-line parsing enabled.
**/home/sachchidanand/Dropbox/Talks/IINMM-2022/IINMM-2022.tex
(/home/sachchidanand/Dropbox/Talks/IINMM-2022/IINMM-2022.tex
LaTeX2e <2020-02-02> patch level 2
L3 programming layer <2020-02-14> (/usr/share/texlive/texmf-dist/tex/latex/beamer/beamer.cls
Document Class: beamer 2019/09/29 v3.57 A class for typesetting presentations
(/usr/share/texlive/texmf-dist/tex/latex/beamer/beamerbasemodes.sty (/usr/share/texlive/texmf-dist/tex/latex/etoolbox/etoolbox.sty
Package: etoolbox 2019/09/21 v2.5h e-TeX tools for LaTeX (JAW)
\etb@tempcnta=\count167
)
\beamer@tempbox=\box45
\beamer@tempcount=\count168
\c@beamerpauses=\count169
 (/usr/share/texlive/texmf-dist/tex/latex/beamer/beamerbasedecode.sty
\beamer@slideinframe=\count170
\beamer@minimum=\count171
\beamer@decode@box=\box46
)
\beamer@commentbox=\box47
\beamer@modecount=\count172
) (/usr/share/texlive/texmf-dist/tex/generic/iftex/ifpdf.sty
Package: ifpdf 2019/10/25 v3.4 ifpdf legacy package. Use iftex instead.
 (/usr/share/texlive/texmf-dist/tex/generic/iftex/iftex.sty
Package: iftex 2019/11/07 v1.0c TeX engine tests
))
\headdp=\dimen134
\footheight=\dimen135
\sidebarheight=\dimen136
\beamer@tempdim=\dimen137
\beamer@finalheight=\dimen138
\beamer@animht=\dimen139
\beamer@animdp=\dimen140
\beamer@animwd=\dimen141
\beamer@leftmargin=\dimen142
\beamer@rightmargin=\dimen143
\beamer@leftsidebar=\dimen144
\beamer@rightsidebar=\dimen145
\beamer@boxsize=\dimen146
\beamer@vboxoffset=\dimen147
\beamer@descdefault=\dimen148
\beamer@descriptionwidth=\dimen149
\beamer@lastskip=\skip47
\beamer@areabox=\box48
\beamer@animcurrent=\box49
\beamer@animshowbox=\box50
\beamer@sectionbox=\box51
\beamer@logobox=\box52
\beamer@linebox=\box53
\beamer@sectioncount=\count173
\beamer@subsubsectionmax=\count174
\beamer@subsectionmax=\count175
\beamer@sectionmax=\count176
\beamer@totalheads=\count177
\beamer@headcounter=\count178
\beamer@partstartpage=\count179
\beamer@sectionstartpage=\count180
\beamer@subsectionstartpage=\count181
\beamer@animationtempa=\count182
\beamer@animationtempb=\count183
\beamer@xpos=\count184
\beamer@ypos=\count185
\beamer@ypos@offset=\count186
\beamer@showpartnumber=\count187
\beamer@currentsubsection=\count188
\beamer@coveringdepth=\count189
\beamer@sectionadjust=\count190
\beamer@tocsectionnumber=\count191
 (/usr/share/texlive/texmf-dist/tex/latex/beamer/beamerbaseoptions.sty (/usr/share/texlive/texmf-dist/tex/latex/graphics/keyval.sty
Package: keyval 2014/10/28 v1.15 key=value parser (DPC)
\KV@toks@=\toks14
))
\beamer@paperwidth=\skip48
\beamer@paperheight=\skip49
 (/usr/share/texlive/texmf-dist/tex/latex/geometry/geometry.sty
Package: geometry 2020/01/02 v5.9 Page Geometry
 (/usr/share/texlive/texmf-dist/tex/generic/iftex/ifvtex.sty
Package: ifvtex 2019/10/25 v1.7 ifvtex legacy package. Use iftex instead.
)
\Gm@cnth=\count192
\Gm@cntv=\count193
\c@Gm@tempcnt=\count194
\Gm@bindingoffset=\dimen150
\Gm@wd@mp=\dimen151
\Gm@odd@mp=\dimen152
\Gm@even@mp=\dimen153
\Gm@layoutwidth=\dimen154
\Gm@layoutheight=\dimen155
\Gm@layouthoffset=\dimen156
\Gm@layoutvoffset=\dimen157
\Gm@dimlist=\toks15
) (/usr/share/texlive/texmf-dist/tex/latex/base/size11.clo
File: size11.clo 2019/12/20 v1.4l Standard LaTeX file (size option)
) (/usr/share/texlive/texmf-dist/tex/latex/pgf/basiclayer/pgfcore.sty (/usr/share/texlive/texmf-dist/tex/latex/graphics/graphicx.sty
Package: graphicx 2019/11/30 v1.2a Enhanced LaTeX Graphics (DPC,SPQR)
 (/usr/share/texlive/texmf-dist/tex/latex/graphics/graphics.sty
Package: graphics 2019/11/30 v1.4a Standard LaTeX Graphics (DPC,SPQR)
 (/usr/share/texlive/texmf-dist/tex/latex/graphics/trig.sty
Package: trig 2016/01/03 v1.10 sin cos tan (DPC)
) (/usr/share/texlive/texmf-dist/tex/latex/graphics-cfg/graphics.cfg
File: graphics.cfg 2016/06/04 v1.11 sample graphics configuration
)
Package graphics Info: Driver file: pdftex.def on input line 105.
 (/usr/share/texlive/texmf-dist/tex/latex/graphics-def/pdftex.def
File: pdftex.def 2018/01/08 v1.0l Graphics/color driver for pdftex
))
\Gin@req@height=\dimen158
\Gin@req@width=\dimen159
) (/usr/share/texlive/texmf-dist/tex/latex/pgf/systemlayer/pgfsys.sty (/usr/share/texlive/texmf-dist/tex/latex/pgf/utilities/pgfrcs.sty (/usr/share/texlive/texmf-dist/tex/generic/pgf/utilities/pgfutil-common.tex
\pgfutil@everybye=\toks16
\pgfutil@tempdima=\dimen160
\pgfutil@tempdimb=\dimen161
 (/usr/share/texlive/texmf-dist/tex/generic/pgf/utilities/pgfutil-common-lists.tex)) (/usr/share/texlive/texmf-dist/tex/generic/pgf/utilities/pgfutil-latex.def
\pgfutil@abb=\box54
 (/usr/share/texlive/texmf-dist/tex/latex/ms/everyshi.sty
Package: everyshi 2001/05/15 v3.00 EveryShipout Package (MS)
)) (/usr/share/texlive/texmf-dist/tex/generic/pgf/utilities/pgfrcs.code.tex (/usr/share/texlive/texmf-dist/tex/generic/pgf/pgf.revision.tex)
Package: pgfrcs 2020/01/08 v3.1.5b (3.1.5b)
)) (/usr/share/texlive/texmf-dist/tex/generic/pgf/systemlayer/pgfsys.code.tex
Package: pgfsys 2020/01/08 v3.1.5b (3.1.5b)
 (/usr/share/texlive/texmf-dist/tex/generic/pgf/utilities/pgfkeys.code.tex
\pgfkeys@pathtoks=\toks17
\pgfkeys@temptoks=\toks18
 (/usr/share/texlive/texmf-dist/tex/generic/pgf/utilities/pgfkeysfiltered.code.tex
\pgfkeys@tmptoks=\toks19
))
\pgf@x=\dimen162
\pgf@y=\dimen163
\pgf@xa=\dimen164
\pgf@ya=\dimen165
\pgf@xb=\dimen166
\pgf@yb=\dimen167
\pgf@xc=\dimen168
\pgf@yc=\dimen169
\pgf@xd=\dimen170
\pgf@yd=\dimen171
\w@pgf@writea=\write3
\r@pgf@reada=\read2
\c@pgf@counta=\count195
\c@pgf@countb=\count196
\c@pgf@countc=\count197
\c@pgf@countd=\count198
\t@pgf@toka=\toks20
\t@pgf@tokb=\toks21
\t@pgf@tokc=\toks22
\pgf@sys@id@count=\count199
 (/usr/share/texlive/texmf-dist/tex/generic/pgf/systemlayer/pgf.cfg
File: pgf.cfg 2020/01/08 v3.1.5b (3.1.5b)
)
Driver file for pgf: pgfsys-pdftex.def
 (/usr/share/texlive/texmf-dist/tex/generic/pgf/systemlayer/pgfsys-pdftex.def
File: pgfsys-pdftex.def 2020/01/08 v3.1.5b (3.1.5b)
 (/usr/share/texlive/texmf-dist/tex/generic/pgf/systemlayer/pgfsys-common-pdf.def
File: pgfsys-common-pdf.def 2020/01/08 v3.1.5b (3.1.5b)
))) (/usr/share/texlive/texmf-dist/tex/generic/pgf/systemlayer/pgfsyssoftpath.code.tex
File: pgfsyssoftpath.code.tex 2020/01/08 v3.1.5b (3.1.5b)
\pgfsyssoftpath@smallbuffer@items=\count266
\pgfsyssoftpath@bigbuffer@items=\count267
) (/usr/share/texlive/texmf-dist/tex/generic/pgf/systemlayer/pgfsysprotocol.code.tex
File: pgfsysprotocol.code.tex 2020/01/08 v3.1.5b (3.1.5b)
)) (/usr/share/texlive/texmf-dist/tex/latex/xcolor/xcolor.sty
Package: xcolor 2016/05/11 v2.12 LaTeX color extensions (UK)
 (/usr/share/texlive/texmf-dist/tex/latex/graphics-cfg/color.cfg
File: color.cfg 2016/01/02 v1.6 sample color configuration
)
Package xcolor Info: Driver file: pdftex.def on input line 225.
Package xcolor Info: Model `cmy' substituted by `cmy0' on input line 1348.
Package xcolor Info: Model `hsb' substituted by `rgb' on input line 1352.
Package xcolor Info: Model `RGB' extended on input line 1364.
Package xcolor Info: Model `HTML' substituted by `rgb' on input line 1366.
Package xcolor Info: Model `Hsb' substituted by `hsb' on input line 1367.
Package xcolor Info: Model `tHsb' substituted by `hsb' on input line 1368.
Package xcolor Info: Model `HSB' substituted by `hsb' on input line 1369.
Package xcolor Info: Model `Gray' substituted by `gray' on input line 1370.
Package xcolor Info: Model `wave' substituted by `hsb' on input line 1371.
) (/usr/share/texlive/texmf-dist/tex/generic/pgf/basiclayer/pgfcore.code.tex
Package: pgfcore 2020/01/08 v3.1.5b (3.1.5b)
 (/usr/share/texlive/texmf-dist/tex/generic/pgf/math/pgfmath.code.tex (/usr/share/texlive/texmf-dist/tex/generic/pgf/math/pgfmathcalc.code.tex (/usr/share/texlive/texmf-dist/tex/generic/pgf/math/pgfmathutil.code.tex) (/usr/share/texlive/texmf-dist/tex/generic/pgf/math/pgfmathparser.code.tex
\pgfmath@dimen=\dimen172
\pgfmath@count=\count268
\pgfmath@box=\box55
\pgfmath@toks=\toks23
\pgfmath@stack@operand=\toks24
\pgfmath@stack@operation=\toks25
) (/usr/share/texlive/texmf-dist/tex/generic/pgf/math/pgfmathfunctions.code.tex (/usr/share/texlive/texmf-dist/tex/generic/pgf/math/pgfmathfunctions.basic.code.tex) (/usr/share/texlive/texmf-dist/tex/generic/pgf/math/pgfmathfunctions.trigonometric.code.tex) (/usr/share/texlive/texmf-dist/tex/generic/pgf/math/pgfmathfunctions.random.code.tex) (/usr/share/texlive/texmf-dist/tex/generic/pgf/math/pgfmathfunctions.comparison.code.tex) (/usr/share/texlive/texmf-dist/tex/generic/pgf/math/pgfmathfunctions.base.code.tex) (/usr/share/texlive/texmf-dist/tex/generic/pgf/math/pgfmathfunctions.round.code.tex) (/usr/share/texlive/texmf-dist/tex/generic/pgf/math/pgfmathfunctions.misc.code.tex) (/usr/share/texlive/texmf-dist/tex/generic/pgf/math/pgfmathfunctions.integerarithmetics.code.tex))) (/usr/share/texlive/texmf-dist/tex/generic/pgf/math/pgfmathfloat.code.tex
\c@pgfmathroundto@lastzeros=\count269
)) (/usr/share/texlive/texmf-dist/tex/generic/pgf/math/pgfint.code.tex) (/usr/share/texlive/texmf-dist/tex/generic/pgf/basiclayer/pgfcorepoints.code.tex
File: pgfcorepoints.code.tex 2020/01/08 v3.1.5b (3.1.5b)
\pgf@picminx=\dimen173
\pgf@picmaxx=\dimen174
\pgf@picminy=\dimen175
\pgf@picmaxy=\dimen176
\pgf@pathminx=\dimen177
\pgf@pathmaxx=\dimen178
\pgf@pathminy=\dimen179
\pgf@pathmaxy=\dimen180
\pgf@xx=\dimen181
\pgf@xy=\dimen182
\pgf@yx=\dimen183
\pgf@yy=\dimen184
\pgf@zx=\dimen185
\pgf@zy=\dimen186
) (/usr/share/texlive/texmf-dist/tex/generic/pgf/basiclayer/pgfcorepathconstruct.code.tex
File: pgfcorepathconstruct.code.tex 2020/01/08 v3.1.5b (3.1.5b)
\pgf@path@lastx=\dimen187
\pgf@path@lasty=\dimen188
) (/usr/share/texlive/texmf-dist/tex/generic/pgf/basiclayer/pgfcorepathusage.code.tex
File: pgfcorepathusage.code.tex 2020/01/08 v3.1.5b (3.1.5b)
\pgf@shorten@end@additional=\dimen189
\pgf@shorten@start@additional=\dimen190
) (/usr/share/texlive/texmf-dist/tex/generic/pgf/basiclayer/pgfcorescopes.code.tex
File: pgfcorescopes.code.tex 2020/01/08 v3.1.5b (3.1.5b)
\pgfpic=\box56
\pgf@hbox=\box57
\pgf@layerbox@main=\box58
\pgf@picture@serial@count=\count270
) (/usr/share/texlive/texmf-dist/tex/generic/pgf/basiclayer/pgfcoregraphicstate.code.tex
File: pgfcoregraphicstate.code.tex 2020/01/08 v3.1.5b (3.1.5b)
\pgflinewidth=\dimen191
) (/usr/share/texlive/texmf-dist/tex/generic/pgf/basiclayer/pgfcoretransformations.code.tex
File: pgfcoretransformations.code.tex 2020/01/08 v3.1.5b (3.1.5b)
\pgf@pt@x=\dimen192
\pgf@pt@y=\dimen193
\pgf@pt@temp=\dimen194
) (/usr/share/texlive/texmf-dist/tex/generic/pgf/basiclayer/pgfcorequick.code.tex
File: pgfcorequick.code.tex 2020/01/08 v3.1.5b (3.1.5b)
) (/usr/share/texlive/texmf-dist/tex/generic/pgf/basiclayer/pgfcoreobjects.code.tex
File: pgfcoreobjects.code.tex 2020/01/08 v3.1.5b (3.1.5b)
) (/usr/share/texlive/texmf-dist/tex/generic/pgf/basiclayer/pgfcorepathprocessing.code.tex
File: pgfcorepathprocessing.code.tex 2020/01/08 v3.1.5b (3.1.5b)
) (/usr/share/texlive/texmf-dist/tex/generic/pgf/basiclayer/pgfcorearrows.code.tex
File: pgfcorearrows.code.tex 2020/01/08 v3.1.5b (3.1.5b)
\pgfarrowsep=\dimen195
) (/usr/share/texlive/texmf-dist/tex/generic/pgf/basiclayer/pgfcoreshade.code.tex
File: pgfcoreshade.code.tex 2020/01/08 v3.1.5b (3.1.5b)
\pgf@max=\dimen196
\pgf@sys@shading@range@num=\count271
\pgf@shadingcount=\count272
) (/usr/share/texlive/texmf-dist/tex/generic/pgf/basiclayer/pgfcoreimage.code.tex
File: pgfcoreimage.code.tex 2020/01/08 v3.1.5b (3.1.5b)
 (/usr/share/texlive/texmf-dist/tex/generic/pgf/basiclayer/pgfcoreexternal.code.tex
File: pgfcoreexternal.code.tex 2020/01/08 v3.1.5b (3.1.5b)
\pgfexternal@startupbox=\box59
)) (/usr/share/texlive/texmf-dist/tex/generic/pgf/basiclayer/pgfcorelayers.code.tex
File: pgfcorelayers.code.tex 2020/01/08 v3.1.5b (3.1.5b)
) (/usr/share/texlive/texmf-dist/tex/generic/pgf/basiclayer/pgfcoretransparency.code.tex
File: pgfcoretransparency.code.tex 2020/01/08 v3.1.5b (3.1.5b)
) (/usr/share/texlive/texmf-dist/tex/generic/pgf/basiclayer/pgfcorepatterns.code.tex
File: pgfcorepatterns.code.tex 2020/01/08 v3.1.5b (3.1.5b)
) (/usr/share/texlive/texmf-dist/tex/generic/pgf/basiclayer/pgfcorerdf.code.tex
File: pgfcorerdf.code.tex 2020/01/08 v3.1.5b (3.1.5b)
))) (/usr/share/texlive/texmf-dist/tex/latex/pgf/utilities/xxcolor.sty
Package: xxcolor 2003/10/24 ver 0.1
\XC@nummixins=\count273
\XC@countmixins=\count274
) (/usr/share/texlive/texmf-dist/tex/generic/atbegshi/atbegshi.sty
Package: atbegshi 2019/12/05 v1.19 At begin shipout hook (HO)
 (/usr/share/texlive/texmf-dist/tex/generic/infwarerr/infwarerr.sty
Package: infwarerr 2019/12/03 v1.5 Providing info/warning/error messages (HO)
) (/usr/share/texlive/texmf-dist/tex/generic/ltxcmds/ltxcmds.sty
Package: ltxcmds 2019/12/15 v1.24 LaTeX kernel commands for general use (HO)
)) (/usr/share/texlive/texmf-dist/tex/latex/hyperref/hyperref.sty
Package: hyperref 2020/01/14 v7.00d Hypertext links for LaTeX
 (/usr/share/texlive/texmf-dist/tex/latex/pdftexcmds/pdftexcmds.sty
Package: pdftexcmds 2019/11/24 v0.31 Utility functions of pdfTeX for LuaTeX (HO)
Package pdftexcmds Info: \pdf@primitive is available.
Package pdftexcmds Info: \pdf@ifprimitive is available.
Package pdftexcmds Info: \pdfdraftmode found.
) (/usr/share/texlive/texmf-dist/tex/generic/kvsetkeys/kvsetkeys.sty
Package: kvsetkeys 2019/12/15 v1.18 Key value parser (HO)
) (/usr/share/texlive/texmf-dist/tex/generic/kvdefinekeys/kvdefinekeys.sty
Package: kvdefinekeys 2019-12-19 v1.6 Define keys (HO)
) (/usr/share/texlive/texmf-dist/tex/generic/pdfescape/pdfescape.sty
Package: pdfescape 2019/12/09 v1.15 Implements pdfTeX's escape features (HO)
) (/usr/share/texlive/texmf-dist/tex/latex/hycolor/hycolor.sty
Package: hycolor 2020-01-27 v1.10 Color options for hyperref/bookmark (HO)
) (/usr/share/texlive/texmf-dist/tex/latex/letltxmacro/letltxmacro.sty
Package: letltxmacro 2019/12/03 v1.6 Let assignment for LaTeX macros (HO)
) (/usr/share/texlive/texmf-dist/tex/latex/auxhook/auxhook.sty
Package: auxhook 2019-12-17 v1.6 Hooks for auxiliary files (HO)
) (/usr/share/texlive/texmf-dist/tex/latex/kvoptions/kvoptions.sty
Package: kvoptions 2019/11/29 v3.13 Key value format for package options (HO)
)
\@linkdim=\dimen197
\Hy@linkcounter=\count275
\Hy@pagecounter=\count276
 (/usr/share/texlive/texmf-dist/tex/latex/hyperref/pd1enc.def
File: pd1enc.def 2020/01/14 v7.00d Hyperref: PDFDocEncoding definition (HO)
Now handling font encoding PD1 ...
... no UTF-8 mapping file for font encoding PD1
) (/usr/share/texlive/texmf-dist/tex/generic/intcalc/intcalc.sty
Package: intcalc 2019/12/15 v1.3 Expandable calculations with integers (HO)
) (/usr/share/texlive/texmf-dist/tex/generic/etexcmds/etexcmds.sty
Package: etexcmds 2019/12/15 v1.7 Avoid name clashes with e-TeX commands (HO)
)
\Hy@SavedSpaceFactor=\count277
\pdfmajorversion=\count278
Package hyperref Info: Option `bookmarks' set `true' on input line 4421.
Package hyperref Info: Option `bookmarksopen' set `true' on input line 4421.
Package hyperref Info: Option `implicit' set `false' on input line 4421.
Package hyperref Info: Hyper figures OFF on input line 4547.
Package hyperref Info: Link nesting OFF on input line 4552.
Package hyperref Info: Hyper index ON on input line 4555.
Package hyperref Info: Plain pages OFF on input line 4562.
Package hyperref Info: Backreferencing OFF on input line 4567.
Package hyperref Info: Implicit mode OFF; no redefinition of LaTeX internals.
Package hyperref Info: Bookmarks ON on input line 4800.
\c@Hy@tempcnt=\count279
 (/usr/share/texlive/texmf-dist/tex/latex/url/url.sty
\Urlmuskip=\muskip16
Package: url 2013/09/16  ver 3.4  Verb mode for urls, etc.
)
LaTeX Info: Redefining \url on input line 5159.
\XeTeXLinkMargin=\dimen198
 (/usr/share/texlive/texmf-dist/tex/generic/bitset/bitset.sty
Package: bitset 2019/12/09 v1.3 Handle bit-vector datatype (HO)
 (/usr/share/texlive/texmf-dist/tex/generic/bigintcalc/bigintcalc.sty
Package: bigintcalc 2019/12/15 v1.5 Expandable calculations on big integers (HO)
))
\Fld@menulength=\count280
\Field@Width=\dimen199
\Fld@charsize=\dimen256
Package hyperref Info: Hyper figures OFF on input line 6430.
Package hyperref Info: Link nesting OFF on input line 6435.
Package hyperref Info: Hyper index ON on input line 6438.
Package hyperref Info: backreferencing OFF on input line 6445.
Package hyperref Info: Link coloring OFF on input line 6450.
Package hyperref Info: Link coloring with OCG OFF on input line 6455.
Package hyperref Info: PDF/A mode OFF on input line 6460.
LaTeX Info: Redefining \ref on input line 6500.
LaTeX Info: Redefining \pageref on input line 6504.
\Hy@abspage=\count281


Package hyperref Message: Stopped early.

)
Package hyperref Info: Driver (autodetected): hpdftex.
 (/usr/share/texlive/texmf-dist/tex/latex/hyperref/hpdftex.def
File: hpdftex.def 2020/01/14 v7.00d Hyperref driver for pdfTeX
 (/usr/share/texlive/texmf-dist/tex/latex/atveryend/atveryend.sty
Package: atveryend 2019-12-11 v1.11 Hooks at the very end of document (HO)
)
\Fld@listcount=\count282
\c@bookmark@seq@number=\count283
 (/usr/share/texlive/texmf-dist/tex/latex/rerunfilecheck/rerunfilecheck.sty
Package: rerunfilecheck 2019/12/05 v1.9 Rerun checks for auxiliary files (HO)
 (/usr/share/texlive/texmf-dist/tex/generic/uniquecounter/uniquecounter.sty
Package: uniquecounter 2019/12/15 v1.4 Provide unlimited unique counter (HO)
)
Package uniquecounter Info: New unique counter `rerunfilecheck' on input line 286.
)) (/usr/share/texlive/texmf-dist/tex/latex/beamer/beamerbaserequires.sty (/usr/share/texlive/texmf-dist/tex/latex/beamer/beamerbasecompatibility.sty) (/usr/share/texlive/texmf-dist/tex/latex/beamer/beamerbasefont.sty (/usr/share/texlive/texmf-dist/tex/latex/amsfonts/amssymb.sty
Package: amssymb 2013/01/14 v3.01 AMS font symbols
 (/usr/share/texlive/texmf-dist/tex/latex/amsfonts/amsfonts.sty
Package: amsfonts 2013/01/14 v3.01 Basic AMSFonts support
\@emptytoks=\toks26
\symAMSa=\mathgroup4
\symAMSb=\mathgroup5
LaTeX Font Info:    Redeclaring math symbol \hbar on input line 98.
LaTeX Font Info:    Overwriting math alphabet `\mathfrak' in version `bold'
(Font)                  U/euf/m/n --> U/euf/b/n on input line 106.
)) (/usr/share/texlive/texmf-dist/tex/latex/sansmathaccent/sansmathaccent.sty
Package: sansmathaccent 2020/01/31
 (/usr/share/texlive/texmf-dist/tex/latex/koma-script/scrlfile.sty
Package: scrlfile 2020/01/24 v3.29 KOMA-Script package (loading files)
))) (/usr/share/texlive/texmf-dist/tex/latex/beamer/beamerbasetranslator.sty (/usr/share/texlive/texmf-dist/tex/latex/translator/translator.sty
Package: translator 2019-05-31 v1.12a Easy translation of strings in LaTeX
)) (/usr/share/texlive/texmf-dist/tex/latex/beamer/beamerbasemisc.sty) (/usr/share/texlive/texmf-dist/tex/latex/beamer/beamerbasetwoscreens.sty) (/usr/share/texlive/texmf-dist/tex/latex/beamer/beamerbaseoverlay.sty
\beamer@argscount=\count284
\beamer@lastskipcover=\skip50
\beamer@trivlistdepth=\count285
) (/usr/share/texlive/texmf-dist/tex/latex/beamer/beamerbasetitle.sty) (/usr/share/texlive/texmf-dist/tex/latex/beamer/beamerbasesection.sty
\c@lecture=\count286
\c@part=\count287
\c@section=\count288
\c@subsection=\count289
\c@subsubsection=\count290
) (/usr/share/texlive/texmf-dist/tex/latex/beamer/beamerbaseframe.sty
\beamer@framebox=\box60
\beamer@frametitlebox=\box61
\beamer@zoombox=\box62
\beamer@zoomcount=\count291
\beamer@zoomframecount=\count292
\beamer@frametextheight=\dimen257
\c@subsectionslide=\count293
\beamer@frametopskip=\skip51
\beamer@framebottomskip=\skip52
\beamer@frametopskipautobreak=\skip53
\beamer@framebottomskipautobreak=\skip54
\beamer@envbody=\toks27
\framewidth=\dimen258
\c@framenumber=\count294
) (/usr/share/texlive/texmf-dist/tex/latex/beamer/beamerbaseverbatim.sty
\beamer@verbatimfileout=\write4
) (/usr/share/texlive/texmf-dist/tex/latex/beamer/beamerbaseframesize.sty
\beamer@splitbox=\box63
\beamer@autobreakcount=\count295
\beamer@autobreaklastheight=\dimen259
\beamer@frametitletoks=\toks28
\beamer@framesubtitletoks=\toks29
) (/usr/share/texlive/texmf-dist/tex/latex/beamer/beamerbaseframecomponents.sty
\beamer@footins=\box64
) (/usr/share/texlive/texmf-dist/tex/latex/beamer/beamerbasecolor.sty) (/usr/share/texlive/texmf-dist/tex/latex/beamer/beamerbasenotes.sty
\beamer@frameboxcopy=\box65
) (/usr/share/texlive/texmf-dist/tex/latex/beamer/beamerbasetoc.sty) (/usr/share/texlive/texmf-dist/tex/latex/beamer/beamerbasetemplates.sty
\beamer@sbttoks=\toks30
 (/usr/share/texlive/texmf-dist/tex/latex/beamer/beamerbaseauxtemplates.sty (/usr/share/texlive/texmf-dist/tex/latex/beamer/beamerbaseboxes.sty
\bmb@box=\box66
\bmb@colorbox=\box67
\bmb@boxshadow=\box68
\bmb@boxshadowball=\box69
\bmb@boxshadowballlarge=\box70
\bmb@temp=\dimen260
\bmb@dima=\dimen261
\bmb@dimb=\dimen262
\bmb@prevheight=\dimen263
)
\beamer@blockheadheight=\dimen264
)) (/usr/share/texlive/texmf-dist/tex/latex/beamer/beamerbaselocalstructure.sty (/usr/share/texlive/texmf-dist/tex/latex/tools/enumerate.sty
Package: enumerate 2015/07/23 v3.00 enumerate extensions (DPC)
\@enLab=\toks31
)
\c@figure=\count296
\c@table=\count297
\abovecaptionskip=\skip55
\belowcaptionskip=\skip56
) (/usr/share/texlive/texmf-dist/tex/latex/beamer/beamerbasenavigation.sty
\beamer@section@min@dim=\dimen265
) (/usr/share/texlive/texmf-dist/tex/latex/beamer/beamerbasetheorems.sty (/usr/share/texlive/texmf-dist/tex/latex/amsmath/amsmath.sty
Package: amsmath 2020/01/20 v2.17e AMS math features
\@mathmargin=\skip57

For additional information on amsmath, use the `?' option.
(/usr/share/texlive/texmf-dist/tex/latex/amsmath/amstext.sty
Package: amstext 2000/06/29 v2.01 AMS text
 (/usr/share/texlive/texmf-dist/tex/latex/amsmath/amsgen.sty
File: amsgen.sty 1999/11/30 v2.0 generic functions
\@emptytoks=\toks32
\ex@=\dimen266
)) (/usr/share/texlive/texmf-dist/tex/latex/amsmath/amsbsy.sty
Package: amsbsy 1999/11/29 v1.2d Bold Symbols
\pmbraise@=\dimen267
) (/usr/share/texlive/texmf-dist/tex/latex/amsmath/amsopn.sty
Package: amsopn 2016/03/08 v2.02 operator names
)
\inf@bad=\count298
LaTeX Info: Redefining \frac on input line 227.
\uproot@=\count299
\leftroot@=\count300
LaTeX Info: Redefining \overline on input line 389.
\classnum@=\count301
\DOTSCASE@=\count302
LaTeX Info: Redefining \ldots on input line 486.
LaTeX Info: Redefining \dots on input line 489.
LaTeX Info: Redefining \cdots on input line 610.
\Mathstrutbox@=\box71
\strutbox@=\box72
\big@size=\dimen268
LaTeX Font Info:    Redeclaring font encoding OML on input line 733.
LaTeX Font Info:    Redeclaring font encoding OMS on input line 734.
\macc@depth=\count303
\c@MaxMatrixCols=\count304
\dotsspace@=\muskip17
\c@parentequation=\count305
\dspbrk@lvl=\count306
\tag@help=\toks33
\row@=\count307
\column@=\count308
\maxfields@=\count309
\andhelp@=\toks34
\eqnshift@=\dimen269
\alignsep@=\dimen270
\tagshift@=\dimen271
\tagwidth@=\dimen272
\totwidth@=\dimen273
\lineht@=\dimen274
\@envbody=\toks35
\multlinegap=\skip58
\multlinetaggap=\skip59
\mathdisplay@stack=\toks36
LaTeX Info: Redefining \[ on input line 2859.
LaTeX Info: Redefining \] on input line 2860.
) (/usr/share/texlive/texmf-dist/tex/latex/amscls/amsthm.sty
Package: amsthm 2017/10/31 v2.20.4
\thm@style=\toks37
\thm@bodyfont=\toks38
\thm@headfont=\toks39
\thm@notefont=\toks40
\thm@headpunct=\toks41
\thm@preskip=\skip60
\thm@postskip=\skip61
\thm@headsep=\skip62
\dth@everypar=\toks42
)
\c@theorem=\count310
) (/usr/share/texlive/texmf-dist/tex/latex/beamer/beamerbasethemes.sty)) (/usr/share/texlive/texmf-dist/tex/latex/beamer/beamerthemedefault.sty (/usr/share/texlive/texmf-dist/tex/latex/beamer/beamerfontthemedefault.sty) (/usr/share/texlive/texmf-dist/tex/latex/beamer/beamercolorthemedefault.sty) (/usr/share/texlive/texmf-dist/tex/latex/beamer/beamerinnerthemedefault.sty
\beamer@dima=\dimen275
\beamer@dimb=\dimen276
) (/usr/share/texlive/texmf-dist/tex/latex/beamer/beamerouterthemedefault.sty))) (/usr/share/texlive/texmf-dist/tex/latex/beamer/beamerthemeAnnArbor.sty (/usr/share/texlive/texmf-dist/tex/latex/beamer/beamerinnerthemerounded.sty) (/usr/share/texlive/texmf-dist/tex/latex/beamer/beamerouterthemeinfolines.sty) (/usr/share/texlive/texmf-dist/tex/latex/beamer/beamercolorthemewolverine.sty)) (/usr/share/texlive/texmf-dist/tex/latex/beamer/beamercolorthemewhale.sty) (/usr/share/texlive/texmf-dist/tex/latex/psnfss/mathptmx.sty
Package: mathptmx 2005/04/12 PSNFSS-v9.2a Times w/ Math, improved (SPQR, WaS) 
LaTeX Font Info:    Redeclaring symbol font `operators' on input line 28.
LaTeX Font Info:    Overwriting symbol font `operators' in version `normal'
(Font)                  OT1/cmr/m/n --> OT1/ztmcm/m/n on input line 28.
LaTeX Font Info:    Overwriting symbol font `operators' in version `bold'
(Font)                  OT1/cmr/bx/n --> OT1/ztmcm/m/n on input line 28.
LaTeX Font Info:    Redeclaring symbol font `letters' on input line 29.
LaTeX Font Info:    Overwriting symbol font `letters' in version `normal'
(Font)                  OML/cmm/m/it --> OML/ztmcm/m/it on input line 29.
LaTeX Font Info:    Overwriting symbol font `letters' in version `bold'
(Font)                  OML/cmm/b/it --> OML/ztmcm/m/it on input line 29.
LaTeX Font Info:    Redeclaring symbol font `symbols' on input line 30.
LaTeX Font Info:    Overwriting symbol font `symbols' in version `normal'
(Font)                  OMS/cmsy/m/n --> OMS/ztmcm/m/n on input line 30.
LaTeX Font Info:    Overwriting symbol font `symbols' in version `bold'
(Font)                  OMS/cmsy/b/n --> OMS/ztmcm/m/n on input line 30.
LaTeX Font Info:    Redeclaring symbol font `largesymbols' on input line 31.
LaTeX Font Info:    Overwriting symbol font `largesymbols' in version `normal'
(Font)                  OMX/cmex/m/n --> OMX/ztmcm/m/n on input line 31.
LaTeX Font Info:    Overwriting symbol font `largesymbols' in version `bold'
(Font)                  OMX/cmex/m/n --> OMX/ztmcm/m/n on input line 31.
\symbold=\mathgroup6
\symitalic=\mathgroup7
LaTeX Font Info:    Redeclaring math alphabet \mathbf on input line 34.
LaTeX Font Info:    Overwriting math alphabet `\mathbf' in version `normal'
(Font)                  OT1/cmr/bx/n --> OT1/ptm/bx/n on input line 34.
LaTeX Font Info:    Overwriting math alphabet `\mathbf' in version `bold'
(Font)                  OT1/cmr/bx/n --> OT1/ptm/bx/n on input line 34.
LaTeX Font Info:    Redeclaring math alphabet \mathit on input line 35.
LaTeX Font Info:    Overwriting math alphabet `\mathit' in version `normal'
(Font)                  OT1/cmr/m/it --> OT1/ptm/m/it on input line 35.
LaTeX Font Info:    Overwriting math alphabet `\mathit' in version `bold'
(Font)                  OT1/cmr/bx/it --> OT1/ptm/m/it on input line 35.
LaTeX Info: Redefining \hbar on input line 50.
) (/usr/share/texlive/texmf-dist/tex/latex/psnfss/helvet.sty
Package: helvet 2005/04/12 PSNFSS-v9.2a (WaS) 
) (/usr/share/texlive/texmf-dist/tex/latex/beamer/beamerfontthemeserif.sty)
\c@saveenumi=\count311
 (/home/sachchidanand/Dropbox/Talks/IINMM-2022/Macros/newcommands.tex) (/home/sachchidanand/Dropbox/Talks/IINMM-2022/Macros/packages.tex (/usr/share/texlive/texmf-dist/tex/latex/amsmath/amscd.sty
Package: amscd 2017/04/14 v2.1 AMS Commutative Diagrams
\athelp@=\toks43
\minaw@=\dimen277
\bigaw@=\dimen278
\minCDarrowwidth=\dimen279
) (/usr/share/texlive/texmf-dist/tex/latex/appendix/appendix.sty
Package: appendix 2020/02/08 v1.2c extra appendix facilities
\c@@pps=\count312
\c@@ppsavesec=\count313
\c@@ppsaveapp=\count314
) (/usr/share/texmf/tex/latex/lm/lmodern.sty
Package: lmodern 2009/10/30 v1.6 Latin Modern Fonts
LaTeX Font Info:    Overwriting symbol font `operators' in version `normal'
(Font)                  OT1/ztmcm/m/n --> OT1/lmr/m/n on input line 22.
LaTeX Font Info:    Overwriting symbol font `letters' in version `normal'
(Font)                  OML/ztmcm/m/it --> OML/lmm/m/it on input line 23.
LaTeX Font Info:    Overwriting symbol font `symbols' in version `normal'
(Font)                  OMS/ztmcm/m/n --> OMS/lmsy/m/n on input line 24.
LaTeX Font Info:    Overwriting symbol font `largesymbols' in version `normal'
(Font)                  OMX/ztmcm/m/n --> OMX/lmex/m/n on input line 25.
LaTeX Font Info:    Overwriting symbol font `operators' in version `bold'
(Font)                  OT1/ztmcm/m/n --> OT1/lmr/bx/n on input line 26.
LaTeX Font Info:    Overwriting symbol font `letters' in version `bold'
(Font)                  OML/ztmcm/m/it --> OML/lmm/b/it on input line 27.
LaTeX Font Info:    Overwriting symbol font `symbols' in version `bold'
(Font)                  OMS/ztmcm/m/n --> OMS/lmsy/b/n on input line 28.
LaTeX Font Info:    Overwriting symbol font `largesymbols' in version `bold'
(Font)                  OMX/ztmcm/m/n --> OMX/lmex/m/n on input line 29.
LaTeX Font Info:    Overwriting math alphabet `\mathbf' in version `normal'
(Font)                  OT1/ptm/bx/n --> OT1/lmr/bx/n on input line 31.
LaTeX Font Info:    Overwriting math alphabet `\mathsf' in version `normal'
(Font)                  OT1/cmss/m/n --> OT1/lmss/m/n on input line 32.
LaTeX Font Info:    Overwriting math alphabet `\mathit' in version `normal'
(Font)                  OT1/ptm/m/it --> OT1/lmr/m/it on input line 33.
LaTeX Font Info:    Overwriting math alphabet `\mathtt' in version `normal'
(Font)                  OT1/cmtt/m/n --> OT1/lmtt/m/n on input line 34.
LaTeX Font Info:    Overwriting math alphabet `\mathbf' in version `bold'
(Font)                  OT1/ptm/bx/n --> OT1/lmr/bx/n on input line 35.
LaTeX Font Info:    Overwriting math alphabet `\mathsf' in version `bold'
(Font)                  OT1/cmss/bx/n --> OT1/lmss/bx/n on input line 36.
LaTeX Font Info:    Overwriting math alphabet `\mathit' in version `bold'
(Font)                  OT1/ptm/m/it --> OT1/lmr/bx/it on input line 37.
LaTeX Font Info:    Overwriting math alphabet `\mathtt' in version `bold'
(Font)                  OT1/cmtt/m/n --> OT1/lmtt/m/n on input line 38.
) (/usr/share/texlive/texmf-dist/tex/latex/bbm-macros/bbm.sty
Package: bbm 1999/03/15 V 1.2 provides fonts for set symbols - TH
LaTeX Font Info:    Overwriting math alphabet `\mathbbm' in version `bold'
(Font)                  U/bbm/m/n --> U/bbm/bx/n on input line 33.
LaTeX Font Info:    Overwriting math alphabet `\mathbbmss' in version `bold'
(Font)                  U/bbmss/m/n --> U/bbmss/bx/n on input line 35.
) (/usr/share/texlive/texmf-dist/tex/latex/jknapltx/mathrsfs.sty
Package: mathrsfs 1996/01/01 Math RSFS package v1.0 (jk)
\symrsfs=\mathgroup8
) (/usr/share/texlive/texmf-dist/tex/latex/tools/bm.sty
Package: bm 2019/07/24 v1.2d Bold Symbol Support (DPC/FMi)
\symboldoperators=\mathgroup9
\symboldletters=\mathgroup10
\symboldsymbols=\mathgroup11
LaTeX Font Info:    Redeclaring math alphabet \mathbf on input line 141.
LaTeX Info: Redefining \bm on input line 209.
) (/usr/share/texlive/texmf-dist/tex/latex/archaic/linearb.sty
Package: linearb 2005/06/22 v1.2 package for Linear B font
) (/usr/share/texlive/texmf-dist/tex/latex/was/upgreek.sty
Package: upgreek 2003/02/12 v2.0 (WaS)
Package upgreek Info: Using Euler Roman for upright Greek on input line 31.
\symugrf@m=\mathgroup12
LaTeX Font Info:    Overwriting symbol font `ugrf@m' in version `bold'
(Font)                  U/eur/m/n --> U/eur/b/n on input line 38.
) (/usr/share/texlive/texmf-dist/tex/latex/base/textcomp.sty
Package: textcomp 2020/02/02 v2.0n Standard LaTeX package
) (/usr/share/texlive/texmf-dist/tex/generic/mathdots/mathdots.sty
Package: mathdots 2014/06/11 v0.9 Improve and add various macros for dots in math.
\MDo@unit=\dimen280
\MDo@dotsbox=\box73
\MDoprekern=\muskip18
\MDopostkern=\muskip19
\MDodotkern=\muskip20
) (/usr/share/texlive/texmf-dist/tex/latex/mathtools/mathtools.sty
Package: mathtools 2020/01/17 v1.23 mathematical typesetting tools
 (/usr/share/texlive/texmf-dist/tex/latex/tools/calc.sty
Package: calc 2017/05/25 v4.3 Infix arithmetic (KKT,FJ)
\calc@Acount=\count315
\calc@Bcount=\count316
\calc@Adimen=\dimen281
\calc@Bdimen=\dimen282
\calc@Askip=\skip63
\calc@Bskip=\skip64
LaTeX Info: Redefining \setlength on input line 80.
LaTeX Info: Redefining \addtolength on input line 81.
\calc@Ccount=\count317
\calc@Cskip=\skip65
) (/usr/share/texlive/texmf-dist/tex/latex/mathtools/mhsetup.sty
Package: mhsetup 2017/03/31 v1.3 programming setup (MH)
)
LaTeX Info: Thecontrolsequence`\('isalreadyrobust on input line 129.
LaTeX Info: Thecontrolsequence`\)'isalreadyrobust on input line 129.
LaTeX Info: Thecontrolsequence`\['isalreadyrobust on input line 129.
LaTeX Info: Thecontrolsequence`\]'isalreadyrobust on input line 129.
\g_MT_multlinerow_int=\count318
\l_MT_multwidth_dim=\dimen283
\origjot=\skip66
\l_MT_shortvdotswithinadjustabove_dim=\dimen284
\l_MT_shortvdotswithinadjustbelow_dim=\dimen285
\l_MT_above_intertext_sep=\dimen286
\l_MT_below_intertext_sep=\dimen287
\l_MT_above_shortintertext_sep=\dimen288
\l_MT_below_shortintertext_sep=\dimen289
) (/usr/share/texlive/texmf-dist/tex/generic/xypic/xy.sty (/usr/share/texlive/texmf-dist/tex/generic/xypic/xy.tex Bootstrap'ing: catcodes, docmode, (/usr/share/texlive/texmf-dist/tex/generic/xypic/xyrecat.tex) (/usr/share/texlive/texmf-dist/tex/generic/xypic/xyidioms.tex)

 Xy-pic version 3.8.9 <2013/10/06>
 Copyright (c) 1991-2013 by Kristoffer H. Rose <krisrose@tug.org> and others
 Xy-pic is free software: see the User's Guide for details.

Loading kernel: messages; fonts; allocations: state,
\X@c=\dimen290
\Y@c=\dimen291
\U@c=\dimen292
\D@c=\dimen293
\L@c=\dimen294
\R@c=\dimen295
\Edge@c=\toks44
\X@p=\dimen296
\Y@p=\dimen297
\U@p=\dimen298
\D@p=\dimen299
\L@p=\dimen300
\R@p=\dimen301
\Edge@p=\toks45
\X@origin=\dimen302
\Y@origin=\dimen303
\X@xbase=\dimen304
\Y@xbase=\dimen305
\X@ybase=\dimen306
\Y@ybase=\dimen307
\X@min=\dimen308
\Y@min=\dimen309
\X@max=\dimen310
\Y@max=\dimen311
\lastobjectbox@=\box74
\zerodotbox@=\box75
\almostz@=\dimen312
 direction,
\d@X=\dimen313
\d@Y=\dimen314
\K@=\count319
\KK@=\count320
\Direction=\count321
\K@dXdY=\dimen315
\K@dYdX=\dimen316
\xyread@=\read3
\xywrite@=\write5
\csp@=\count322
\quotPTK@=\dimen317
 utility macros; pictures: \xy, positions,
\swaptoks@@=\toks46
\connectobjectbox@@=\box76
 objects,
\styletoks@=\toks47
 decorations; kernel objects: directionals, circles, text; options; algorithms: directions, edges, connections;  Xy-pic loaded)
Package: xy 2013/10/06 Xy-pic version 3.8.9
 (/usr/share/texlive/texmf-dist/tex/generic/xypic/xycmtip.tex  Xy-pic option: Computer Modern tip extension v.3.7 (/usr/share/texlive/texmf-dist/tex/generic/xypic/xytips.tex  Xy-pic option: More Tips extension v.3.11 loaded) loaded) (/usr/share/texlive/texmf-dist/tex/generic/xypic/xyall.tex  Xy-pic option: All features v.3.8 (/usr/share/texlive/texmf-dist/tex/generic/xypic/xycurve.tex  Xy-pic option: Curve and Spline extension v.3.12 curve,
\crv@cnt@=\count323
\crvpts@=\toks48
\splinebox@=\box77
\splineval@=\dimen318
\splinedepth@=\dimen319
\splinetol@=\dimen320
\splinelength@=\dimen321
 circles,
\L@=\dimen322
 loaded) (/usr/share/texlive/texmf-dist/tex/generic/xypic/xyframe.tex  Xy-pic option: Frame and Bracket extension v.3.14 loaded) (/usr/share/texlive/texmf-dist/tex/generic/xypic/xyline.tex  Xy-pic option: Line styles extension v.3.10
\xylinethick@=\dimen323
 loaded) (/usr/share/texlive/texmf-dist/tex/generic/xypic/xyrotate.tex  Xy-pic option: Rotate and Scale extension v.3.8 loaded) (/usr/share/texlive/texmf-dist/tex/generic/xypic/xycolor.tex  Xy-pic option: Colour extension v.3.11 loaded) (/usr/share/texlive/texmf-dist/tex/generic/xypic/xymatrix.tex  Xy-pic option: Matrix feature v.3.14
\Row=\count324
\Col=\count325
\queue@=\toks49
\queue@@=\toks50
\qcount@=\count326
\qcount@@=\count327
\matrixsize@=\count328
 loaded) (/usr/share/texlive/texmf-dist/tex/generic/xypic/xyarrow.tex  Xy-pic option: Arrow and Path feature v.3.9 path, \ar, loaded) (/usr/share/texlive/texmf-dist/tex/generic/xypic/xygraph.tex  Xy-pic option: Graph feature v.3.11 loaded) loaded) (/usr/share/texlive/texmf-dist/tex/generic/xypic/xypdf.tex  Xy-pic option: PDF driver v.1.7 Xy-pic pdf driver: `color' extension support (/usr/share/texlive/texmf-dist/tex/generic/xypic/xypdf-co.tex loaded) Xy-pic pdf driver: `curve' extension support (/usr/share/texlive/texmf-dist/tex/generic/xypic/xypdf-cu.tex loaded) Xy-pic pdf driver: `frame' extension support (/usr/share/texlive/texmf-dist/tex/generic/xypic/xypdf-fr.tex loaded) Xy-pic pdf driver: `line' extension support (/usr/share/texlive/texmf-dist/tex/generic/xypic/xypdf-li.tex loaded) Xy-pic pdf driver: `rotate' extension support (/usr/share/texlive/texmf-dist/tex/generic/xypic/xypdf-ro.tex loaded) loaded)) (/usr/share/texlive/texmf-dist/tex/latex/nomencl/nomencl.sty
Package: nomencl 2019/11/23 v5.3 Nomenclature package
 (/usr/share/texlive/texmf-dist/tex/latex/xkeyval/xkeyval.sty
Package: xkeyval 2014/12/03 v2.7a package option processing (HA)
 (/usr/share/texlive/texmf-dist/tex/generic/xkeyval/xkeyval.tex (/usr/share/texlive/texmf-dist/tex/generic/xkeyval/xkvutils.tex
\XKV@toks=\toks51
\XKV@tempa@toks=\toks52
)
\XKV@depth=\count329
File: xkeyval.tex 2014/12/03 v2.7a key=value parser (HA)
)) (/usr/share/texlive/texmf-dist/tex/latex/base/ifthen.sty
Package: ifthen 2014/09/29 v1.1c Standard LaTeX ifthen package (DPC)
) (/usr/share/texlive/texmf-dist/tex/latex/koma-script/tocbasic.sty
Package: tocbasic 2020/01/24 v3.29 KOMA-Script package (handling toc-files)
 (/usr/share/texlive/texmf-dist/tex/latex/koma-script/scrbase.sty
Package: scrbase 2020/01/24 v3.29 KOMA-Script package (KOMA-Script-independent basics and keyval usage)
)
\scr@dte@tocline@numberwidth=\skip67
\scr@dte@tocline@numbox=\box78
)
Package tocbasic Info: setting babel extension for `nlo' on input line 163.
Package tocbasic Info: setting babel extension for `nls' on input line 164.
\nomlabelwidth=\dimen324
\nom@tempdim=\dimen325
\nomitemsep=\skip68
) (/usr/share/texlive/texmf-dist/tex/latex/pgf/basiclayer/pgf.sty
Package: pgf 2020/01/08 v3.1.5b (3.1.5b)
 (/usr/share/texlive/texmf-dist/tex/generic/pgf/modules/pgfmoduleshapes.code.tex
File: pgfmoduleshapes.code.tex 2020/01/08 v3.1.5b (3.1.5b)
\pgfnodeparttextbox=\box79
) (/usr/share/texlive/texmf-dist/tex/generic/pgf/modules/pgfmoduleplot.code.tex
File: pgfmoduleplot.code.tex 2020/01/08 v3.1.5b (3.1.5b)
) (/usr/share/texlive/texmf-dist/tex/latex/pgf/compatibility/pgfcomp-version-0-65.sty
Package: pgfcomp-version-0-65 2020/01/08 v3.1.5b (3.1.5b)
\pgf@nodesepstart=\dimen326
\pgf@nodesepend=\dimen327
) (/usr/share/texlive/texmf-dist/tex/latex/pgf/compatibility/pgfcomp-version-1-18.sty
Package: pgfcomp-version-1-18 2020/01/08 v3.1.5b (3.1.5b)
)) (/usr/share/texlive/texmf-dist/tex/latex/fundus-calligra/calligra.sty
Package: calligra 2012/04/10 v1.9 LaTeX package calligra
) (/usr/share/texlive/texmf-dist/tex/latex/ebgaramond/ebgaramond.sty
Package: ebgaramond 2019/10/22 (Bob Tennent and autoinst) Style file for EB Garamond fonts.
 (/usr/share/texlive/texmf-dist/tex/generic/iftex/ifxetex.sty
Package: ifxetex 2019/10/25 v0.7 ifxetex legacy package. Use iftex instead.
) (/usr/share/texlive/texmf-dist/tex/generic/iftex/ifluatex.sty
Package: ifluatex 2019/10/25 v1.5 ifluatex legacy package. Use iftex instead.
) (/usr/share/texlive/texmf-dist/tex/latex/base/fontenc.sty
Package: fontenc 2020/02/11 v2.0o Standard LaTeX package
LaTeX Font Info:    Trying to load font information for OT1+lmr on input line 112.
 (/usr/share/texmf/tex/latex/lm/ot1lmr.fd
File: ot1lmr.fd 2009/10/30 v1.6 Font defs for Latin Modern
)) (/usr/share/texlive/texmf-dist/tex/latex/fontaxes/fontaxes.sty
Package: fontaxes 2014/03/23 v1.0d Font selection axes
LaTeX Info: Redefining \upshape on input line 29.
LaTeX Info: Redefining \itshape on input line 31.
LaTeX Info: Redefining \slshape on input line 33.
LaTeX Info: Redefining \swshape on input line 35.
LaTeX Info: Redefining \scshape on input line 37.
LaTeX Info: Redefining \sscshape on input line 39.
LaTeX Info: Redefining \ulcshape on input line 41.
LaTeX Info: Redefining \textsw on input line 47.
LaTeX Info: Redefining \textssc on input line 48.
LaTeX Info: Redefining \textulc on input line 49.
)
LaTeX Info: Redefining \swshape on input line 176.
LaTeX Info: Redefining \oldstylenums on input line 183.
LaTeX Info: Redefining \textsw on input line 191.
) (/usr/share/texlive/texmf-dist/tex/latex/bookmark/bookmark.sty
Package: bookmark 2019/12/03 v1.28 PDF bookmarks (HO)
 (/usr/share/texlive/texmf-dist/tex/latex/bookmark/bkm-pdftex.def
File: bkm-pdftex.def 2019/12/03 v1.28 bookmark driver for pdfTeX (HO)
\BKM@id=\count330
)) (/usr/share/texlive/texmf-dist/tex/latex/tcolorbox/tcolorbox.sty
Package: tcolorbox 2019/11/15 version 4.22 text color boxes
 (/usr/share/texlive/texmf-dist/tex/latex/tools/verbatim.sty
Package: verbatim 2019/11/10 v1.5r LaTeX2e package for verbatim enhancements
\every@verbatim=\toks53
\verbatim@line=\toks54
\verbatim@in@stream=\read4
) (/usr/share/texlive/texmf-dist/tex/latex/environ/environ.sty
Package: environ 2014/05/04 v0.3 A new way to define environments
 (/usr/share/texlive/texmf-dist/tex/latex/trimspaces/trimspaces.sty
Package: trimspaces 2009/09/17 v1.1 Trim spaces around a token list
))
\tcb@titlebox=\box80
\tcb@upperbox=\box81
\tcb@lowerbox=\box82
\tcb@phantombox=\box83
\c@tcbbreakpart=\count331
\c@tcblayer=\count332
\tcolorbox@number=\count333
\tcb@temp=\box84
\tcb@temp=\box85
\tcb@temp=\box86
\tcb@temp=\box87
\tcb@out=\write6
\tcb@record@out=\write7
 (/usr/share/texlive/texmf-dist/tex/latex/tcolorbox/tcbraster.code.tex
Library (tcolorbox): 'tcbraster.code.tex' version '4.22'
\c@tcbrastercolumn=\count334
\c@tcbrasterrow=\count335
\c@tcbraster=\count336
) (/usr/share/texlive/texmf-dist/tex/latex/tcolorbox/tcbskins.code.tex
Library (tcolorbox): 'tcbskins.code.tex' version '4.22'
(/usr/share/texlive/texmf-dist/tex/latex/pgf/frontendlayer/tikz.sty (/usr/share/texlive/texmf-dist/tex/latex/pgf/utilities/pgffor.sty (/usr/share/texlive/texmf-dist/tex/latex/pgf/utilities/pgfkeys.sty (/usr/share/texlive/texmf-dist/tex/generic/pgf/utilities/pgfkeys.code.tex)) (/usr/share/texlive/texmf-dist/tex/latex/pgf/math/pgfmath.sty (/usr/share/texlive/texmf-dist/tex/generic/pgf/math/pgfmath.code.tex)) (/usr/share/texlive/texmf-dist/tex/generic/pgf/utilities/pgffor.code.tex
Package: pgffor 2020/01/08 v3.1.5b (3.1.5b)
 (/usr/share/texlive/texmf-dist/tex/generic/pgf/math/pgfmath.code.tex)
\pgffor@iter=\dimen328
\pgffor@skip=\dimen329
\pgffor@stack=\toks55
\pgffor@toks=\toks56
)) (/usr/share/texlive/texmf-dist/tex/generic/pgf/frontendlayer/tikz/tikz.code.tex
Package: tikz 2020/01/08 v3.1.5b (3.1.5b)
 (/usr/share/texlive/texmf-dist/tex/generic/pgf/libraries/pgflibraryplothandlers.code.tex
File: pgflibraryplothandlers.code.tex 2020/01/08 v3.1.5b (3.1.5b)
\pgf@plot@mark@count=\count337
\pgfplotmarksize=\dimen330
)
\tikz@lastx=\dimen331
\tikz@lasty=\dimen332
\tikz@lastxsaved=\dimen333
\tikz@lastysaved=\dimen334
\tikz@lastmovetox=\dimen335
\tikz@lastmovetoy=\dimen336
\tikzleveldistance=\dimen337
\tikzsiblingdistance=\dimen338
\tikz@figbox=\box88
\tikz@figbox@bg=\box89
\tikz@tempbox=\box90
\tikz@tempbox@bg=\box91
\tikztreelevel=\count338
\tikznumberofchildren=\count339
\tikznumberofcurrentchild=\count340
\tikz@fig@count=\count341
 (/usr/share/texlive/texmf-dist/tex/generic/pgf/modules/pgfmodulematrix.code.tex
File: pgfmodulematrix.code.tex 2020/01/08 v3.1.5b (3.1.5b)
\pgfmatrixcurrentrow=\count342
\pgfmatrixcurrentcolumn=\count343
\pgf@matrix@numberofcolumns=\count344
)
\tikz@expandcount=\count345
 (/usr/share/texlive/texmf-dist/tex/generic/pgf/frontendlayer/tikz/libraries/tikzlibrarytopaths.code.tex
File: tikzlibrarytopaths.code.tex 2020/01/08 v3.1.5b (3.1.5b)
)))
\tcb@waterbox=\box92
 (/usr/share/texlive/texmf-dist/tex/latex/tcolorbox/tcbskinsjigsaw.code.tex
Library (tcolorbox): 'tcbskinsjigsaw.code.tex' version '4.22'
)) (/usr/share/texlive/texmf-dist/tex/latex/tcolorbox/tcbbreakable.code.tex
Library (tcolorbox): 'tcbbreakable.code.tex' version '4.22'
\tcb@testbox=\box93
\tcb@totalupperbox=\box94
\tcb@totallowerbox=\box95
) (/usr/share/texlive/texmf-dist/tex/latex/tcolorbox/tcbhooks.code.tex
Library (tcolorbox): 'tcbhooks.code.tex' version '4.22'
) (/usr/share/texlive/texmf-dist/tex/latex/tcolorbox/tcbtheorems.code.tex
Library (tcolorbox): 'tcbtheorems.code.tex' version '4.22'
) (/usr/share/texlive/texmf-dist/tex/latex/tcolorbox/tcbfitting.code.tex
Library (tcolorbox): 'tcbfitting.code.tex' version '4.22'
\tcbfitdim=\dimen339
\tcb@lowerfitdim=\dimen340
\tcb@upperfitdim=\dimen341
\tcb@cur@hbadness=\count346
) (/usr/share/texlive/texmf-dist/tex/latex/tcolorbox/tcbxparse.code.tex
Library (tcolorbox): 'tcbxparse.code.tex' version '4.22'
(/usr/share/texlive/texmf-dist/tex/latex/l3packages/xparse/xparse.sty (/usr/share/texlive/texmf-dist/tex/latex/l3kernel/expl3.sty
Package: expl3 2020-02-14 L3 programming layer (loader) 
 (/usr/share/texlive/texmf-dist/tex/latex/l3backend/l3backend-pdfmode.def
File: l3backend-pdfmode.def 2020-02-03 L3 backend support: PDF mode
\l__kernel_color_stack_int=\count347
\l__pdf_internal_box=\box96
))
Package: xparse 2020-02-14 L3 Experimental document command parser
\l__xparse_current_arg_int=\count348
\g__xparse_grabber_int=\count349
\l__xparse_m_args_int=\count350
\l__xparse_v_nesting_int=\count351
)) (/usr/share/texlive/texmf-dist/tex/latex/tcolorbox/tcblistingsutf8.code.tex
Library (tcolorbox): 'tcblistingsutf8.code.tex' version '4.22'
(/usr/share/texlive/texmf-dist/tex/latex/listingsutf8/listingsutf8.sty
Package: listingsutf8 2019-12-10 v1.5 Allow UTF-8 in listings input (HO)
 (/usr/share/texlive/texmf-dist/tex/latex/listings/listings.sty
\lst@mode=\count352
\lst@gtempboxa=\box97
\lst@token=\toks57
\lst@length=\count353
\lst@currlwidth=\dimen342
\lst@column=\count354
\lst@pos=\count355
\lst@lostspace=\dimen343
\lst@width=\dimen344
\lst@newlines=\count356
\lst@lineno=\count357
\lst@maxwidth=\dimen345
 (/usr/share/texlive/texmf-dist/tex/latex/listings/lstmisc.sty
File: lstmisc.sty 2019/09/10 1.8c (Carsten Heinz)
\c@lstnumber=\count358
\lst@skipnumbers=\count359
\lst@framebox=\box98
) (/usr/share/texlive/texmf-dist/tex/latex/listings/listings.cfg
File: listings.cfg 2019/09/10 1.8c listings configuration
))
Package: listings 2019/09/10 1.8c (Carsten Heinz)
 (/usr/share/texlive/texmf-dist/tex/generic/stringenc/stringenc.sty
Package: stringenc 2019/11/29 v1.12 Convert strings between diff. encodings (HO)
)) (/usr/share/texlive/texmf-dist/tex/latex/tcolorbox/tcblistings.code.tex
Library (tcolorbox): 'tcblistings.code.tex' version '4.22'
(/usr/share/texlive/texmf-dist/tex/latex/tcolorbox/tcblistingscore.code.tex
Library (tcolorbox): 'tcblistingscore.code.tex' version '4.22'
(/usr/share/texlive/texmf-dist/tex/latex/tcolorbox/tcbprocessing.code.tex
Library (tcolorbox): 'tcbprocessing.code.tex' version '4.22'
(/usr/share/texlive/texmf-dist/tex/latex/tools/shellesc.sty
Package: shellesc 2019/11/08 v1.0c unified shell escape interface for LaTeX
Package shellesc Info: Restricted shell escape enabled on input line 77.
))
\c@tcblisting=\count360
))) (/usr/share/texlive/texmf-dist/tex/latex/tcolorbox/tcbexternal.code.tex
Library (tcolorbox): 'tcbexternal.code.tex' version '4.22'
) (/usr/share/texlive/texmf-dist/tex/latex/tcolorbox/tcbmagazine.code.tex
Library (tcolorbox): 'tcbmagazine.code.tex' version '4.22'
) (/usr/share/texlive/texmf-dist/tex/latex/tcolorbox/tcbvignette.code.tex
Library (tcolorbox): 'tcbvignette.code.tex' version '4.22'
(/usr/share/texlive/texmf-dist/tex/generic/pgf/frontendlayer/tikz/libraries/tikzlibraryfadings.code.tex
File: tikzlibraryfadings.code.tex 2020/01/08 v3.1.5b (3.1.5b)
 (/usr/share/texlive/texmf-dist/tex/generic/pgf/libraries/pgflibraryfadings.code.tex
File: pgflibraryfadings.code.tex 2020/01/08 v3.1.5b (3.1.5b)
))) (/usr/share/texlive/texmf-dist/tex/latex/tcolorbox/tcbposter.code.tex
Library (tcolorbox): 'tcbposter.code.tex' version '4.22'
)) (/usr/share/texlive/texmf-dist/tex/latex/varwidth/varwidth.sty
Package: varwidth 2009/03/30 ver 0.92;  Variable-width minipages
\@vwid@box=\box99
\sift@deathcycles=\count361
\@vwid@loff=\dimen346
\@vwid@roff=\dimen347
) (/usr/share/texlive/texmf-dist/tex/generic/tikz-cd/tikzlibrarycd.code.tex (/usr/share/texlive/texmf-dist/tex/generic/pgf/frontendlayer/tikz/libraries/tikzlibrarymatrix.code.tex
File: tikzlibrarymatrix.code.tex 2020/01/08 v3.1.5b (3.1.5b)
) (/usr/share/texlive/texmf-dist/tex/generic/pgf/frontendlayer/tikz/libraries/tikzlibraryquotes.code.tex
File: tikzlibraryquotes.code.tex 2020/01/08 v3.1.5b (3.1.5b)
) (/usr/share/texlive/texmf-dist/tex/generic/pgf/libraries/pgflibraryarrows.meta.code.tex
File: pgflibraryarrows.meta.code.tex 2020/01/08 v3.1.5b (3.1.5b)
\pgfarrowinset=\dimen348
\pgfarrowlength=\dimen349
\pgfarrowwidth=\dimen350
\pgfarrowlinewidth=\dimen351
)) (/usr/share/texlive/texmf-dist/tex/generic/pgf/frontendlayer/tikz/libraries/tikzlibraryshapes.callouts.code.tex (/usr/share/texlive/texmf-dist/tex/generic/pgf/libraries/shapes/pgflibraryshapes.callouts.code.tex (/usr/share/texlive/texmf-dist/tex/generic/pgf/libraries/shapes/pgflibraryshapes.symbols.code.tex
File: pgflibraryshapes.symbols.code.tex 2020/01/08 v3.1.5b (3.1.5b)
)))) (/home/sachchidanand/Dropbox/Talks/IINMM-2022/IINMM-2022.aux)
\openout1 = `IINMM-2022.aux'.

LaTeX Font Info:    Checking defaults for OML/cmm/m/it on input line 238.
LaTeX Font Info:    ... okay on input line 238.
LaTeX Font Info:    Checking defaults for OMS/cmsy/m/n on input line 238.
LaTeX Font Info:    ... okay on input line 238.
LaTeX Font Info:    Checking defaults for OT1/cmr/m/n on input line 238.
LaTeX Font Info:    ... okay on input line 238.
LaTeX Font Info:    Checking defaults for T1/cmr/m/n on input line 238.
LaTeX Font Info:    ... okay on input line 238.
LaTeX Font Info:    Checking defaults for TS1/cmr/m/n on input line 238.
LaTeX Font Info:    ... okay on input line 238.
LaTeX Font Info:    Checking defaults for OMX/cmex/m/n on input line 238.
LaTeX Font Info:    ... okay on input line 238.
LaTeX Font Info:    Checking defaults for U/cmr/m/n on input line 238.
LaTeX Font Info:    ... okay on input line 238.
LaTeX Font Info:    Checking defaults for PD1/pdf/m/n on input line 238.
LaTeX Font Info:    ... okay on input line 238.
LaTeX Font Info:    Trying to load font information for OT1+EBGaramond-OsF on input line 238.
 (/usr/share/texlive/texmf-dist/tex/latex/ebgaramond/OT1EBGaramond-OsF.fd
File: OT1EBGaramond-OsF.fd 2019/10/22 (autoinst) Font definitions for OT1/EBGaramond-OsF.
)
LaTeX Font Info:    Font shape `OT1/EBGaramond-OsF/m/n' in size <10.95> not available
(Font)              Font shape `OT1/EBGaramond-OsF/regular/n' tried instead on input line 238.
LaTeX Font Info:    Font shape `OT1/EBGaramond-OsF/regular/n' will be
(Font)              scaled to size 10.95pt on input line 238.

*geometry* driver: auto-detecting
*geometry* detected driver: pdftex
*geometry* verbose mode - [ preamble ] result:
* driver: pdftex
* paper: custom
* layout: <same size as paper>
* layoutoffset:(h,v)=(0.0pt,0.0pt)
* modes: includehead includefoot 
* h-part:(L,W,R)=(10.95003pt, 342.2953pt, 10.95003pt)
* v-part:(T,H,B)=(0.0pt, 273.14662pt, 0.0pt)
* \paperwidth=364.19536pt
* \paperheight=273.14662pt
* \textwidth=342.2953pt
* \textheight=244.6939pt
* \oddsidemargin=-61.31996pt
* \evensidemargin=-61.31996pt
* \topmargin=-72.26999pt
* \headheight=14.22636pt
* \headsep=0.0pt
* \topskip=11.0pt
* \footskip=14.22636pt
* \marginparwidth=4.0pt
* \marginparsep=10.0pt
* \columnsep=10.0pt
* \skip\footins=10.0pt plus 4.0pt minus 2.0pt
* \hoffset=0.0pt
* \voffset=0.0pt
* \mag=1000
* \@twocolumnfalse
* \@twosidefalse
* \@mparswitchfalse
* \@reversemarginfalse
* (1in=72.27pt=25.4mm, 1cm=28.453pt)

(/usr/share/texlive/texmf-dist/tex/context/base/mkii/supp-pdf.mkii
[Loading MPS to PDF converter (version 2006.09.02).]
\scratchcounter=\count362
\scratchdimen=\dimen352
\scratchbox=\box100
\nofMPsegments=\count363
\nofMParguments=\count364
\everyMPshowfont=\toks58
\MPscratchCnt=\count365
\MPscratchDim=\dimen353
\MPnumerator=\count366
\makeMPintoPDFobject=\count367
\everyMPtoPDFconversion=\toks59
) (/usr/share/texlive/texmf-dist/tex/latex/epstopdf-pkg/epstopdf-base.sty
Package: epstopdf-base 2020-01-24 v2.11 Base part for package epstopdf
Package epstopdf-base Info: Redefining graphics rule for `.eps' on input line 485.
 (/usr/share/texlive/texmf-dist/tex/latex/latexconfig/epstopdf-sys.cfg
File: epstopdf-sys.cfg 2010/07/13 v1.3 Configuration of (r)epstopdf for TeX Live
)) ABD: EveryShipout initializing macros
\AtBeginShipoutBox=\box101
Package hyperref Info: Link coloring OFF on input line 238.
 (/usr/share/texlive/texmf-dist/tex/latex/hyperref/nameref.sty
Package: nameref 2019/09/16 v2.46 Cross-referencing by name of section
 (/usr/share/texlive/texmf-dist/tex/latex/refcount/refcount.sty
Package: refcount 2019/12/15 v3.6 Data extraction from label references (HO)
) (/usr/share/texlive/texmf-dist/tex/generic/gettitlestring/gettitlestring.sty
Package: gettitlestring 2019/12/15 v1.6 Cleanup title references (HO)
)
\c@section@level=\count368
)
LaTeX Info: Redefining \ref on input line 238.
LaTeX Info: Redefining \pageref on input line 238.
LaTeX Info: Redefining \nameref on input line 238.
 (/usr/share/texlive/texmf-dist/tex/latex/translator/translator-basic-dictionary-English.dict
Dictionary: translator-basic-dictionary, Language: English 
) (/usr/share/texlive/texmf-dist/tex/latex/translator/translator-bibliography-dictionary-English.dict
Dictionary: translator-bibliography-dictionary, Language: English 
) (/usr/share/texlive/texmf-dist/tex/latex/translator/translator-environment-dictionary-English.dict
Dictionary: translator-environment-dictionary, Language: English 
) (/usr/share/texlive/texmf-dist/tex/latex/translator/translator-months-dictionary-English.dict
Dictionary: translator-months-dictionary, Language: English 
) (/usr/share/texlive/texmf-dist/tex/latex/translator/translator-numbers-dictionary-English.dict
Dictionary: translator-numbers-dictionary, Language: English 
) (/usr/share/texlive/texmf-dist/tex/latex/translator/translator-theorem-dictionary-English.dict
Dictionary: translator-theorem-dictionary, Language: English 
)
LaTeX Font Info:    Trying to load font information for OML+lmm on input line 238.
 (/usr/share/texmf/tex/latex/lm/omllmm.fd
File: omllmm.fd 2009/10/30 v1.6 Font defs for Latin Modern
)
LaTeX Font Info:    Trying to load font information for OMS+lmsy on input line 238.
 (/usr/share/texmf/tex/latex/lm/omslmsy.fd
File: omslmsy.fd 2009/10/30 v1.6 Font defs for Latin Modern
)
LaTeX Font Info:    Trying to load font information for OMX+lmex on input line 238.
 (/usr/share/texmf/tex/latex/lm/omxlmex.fd
File: omxlmex.fd 2009/10/30 v1.6 Font defs for Latin Modern
)
LaTeX Font Info:    External font `lmex10' loaded for size
(Font)              <10.95> on input line 238.
LaTeX Font Info:    External font `lmex10' loaded for size
(Font)              <8> on input line 238.
LaTeX Font Info:    External font `lmex10' loaded for size
(Font)              <6> on input line 238.
LaTeX Font Info:    Trying to load font information for OT1+ptm on input line 238.
 (/usr/share/texlive/texmf-dist/tex/latex/psnfss/ot1ptm.fd
File: ot1ptm.fd 2001/06/04 font definitions for OT1/ptm.
)
LaTeX Font Info:    Font shape `OT1/ptm/bx/n' in size <10.95> not available
(Font)              Font shape `OT1/ptm/b/n' tried instead on input line 238.
LaTeX Font Info:    Font shape `OT1/ptm/bx/n' in size <8> not available
(Font)              Font shape `OT1/ptm/b/n' tried instead on input line 238.
LaTeX Font Info:    Font shape `OT1/ptm/bx/n' in size <6> not available
(Font)              Font shape `OT1/ptm/b/n' tried instead on input line 238.
LaTeX Font Info:    Trying to load font information for U+rsfs on input line 238.
 (/usr/share/texlive/texmf-dist/tex/latex/jknapltx/ursfs.fd
File: ursfs.fd 1998/03/24 rsfs font definition file (jk)
)
Package xypdf Info: Line width: 0.39998pt on input line 238.
\c@mv@tabular=\count369
\c@mv@boldtabular=\count370
\c@lstlisting=\count371
 (/usr/share/texlive/texmf-dist/tex/latex/base/inputenc.sty
Package: inputenc 2018/08/11 v1.3c Input encoding file
\inpenc@prehook=\toks60
\inpenc@posthook=\toks61
) (/home/sachchidanand/Dropbox/Talks/IINMM-2022/IINMM-2022.nav)
LaTeX Font Info:    Font shape `OT1/EBGaramond-OsF/m/n' in size <6> not available
(Font)              Font shape `OT1/EBGaramond-OsF/regular/n' tried instead on input line 238.
LaTeX Font Info:    Font shape `OT1/EBGaramond-OsF/regular/n' will be
(Font)              scaled to size 6.0pt on input line 238.
LaTeX Font Info:    Font shape `OT1/EBGaramond-OsF/m/n' in size <14.4> not available
(Font)              Font shape `OT1/EBGaramond-OsF/regular/n' tried instead on input line 240.
LaTeX Font Info:    Font shape `OT1/EBGaramond-OsF/regular/n' will be
(Font)              scaled to size 14.4pt on input line 240.
LaTeX Font Info:    Font shape `OT1/EBGaramond-OsF/m/n' in size <10> not available
(Font)              Font shape `OT1/EBGaramond-OsF/regular/n' tried instead on input line 240.
LaTeX Font Info:    Font shape `OT1/EBGaramond-OsF/regular/n' will be
(Font)              scaled to size 10.0pt on input line 240.
LaTeX Font Info:    Font shape `OT1/EBGaramond-OsF/m/n' in size <8> not available
(Font)              Font shape `OT1/EBGaramond-OsF/regular/n' tried instead on input line 240.
LaTeX Font Info:    Font shape `OT1/EBGaramond-OsF/regular/n' will be
(Font)              scaled to size 8.0pt on input line 240.
<figures/iiserk-logo.png, id=57, 220.825pt x 231.86626pt>
File: figures/iiserk-logo.png Graphic file (type png)
<use figures/iiserk-logo.png>
Package pdftex.def Info: figures/iiserk-logo.png  used on input line 240.
(pdftex.def)             Requested size: 42.67912pt x 44.81216pt.
 (/home/sachchidanand/Dropbox/Talks/IINMM-2022/IINMM-2022.toc)
LaTeX Font Info:    Font shape `OT1/EBGaramond-OsF/m/n' in size <4> not available
(Font)              Font shape `OT1/EBGaramond-OsF/regular/n' tried instead on input line 249.
LaTeX Font Info:    Font shape `OT1/EBGaramond-OsF/regular/n' will be
(Font)              scaled to size 4.0pt on input line 249.
 [1

{/var/lib/texmf/fonts/map/pdftex/updmap/pdftex.map} </home/sachchidanand/Dropbox/Talks/IINMM-2022/figures/iiserk-logo.png>] [2] [3

]
LaTeX Font Info:    Font shape `OT1/EBGaramond-OsF/m/it' in size <10.95> not available
(Font)              Font shape `OT1/EBGaramond-OsF/regular/it' tried instead on input line 259.
LaTeX Font Info:    Font shape `OT1/EBGaramond-OsF/regular/it' will be
(Font)              scaled to size 10.95pt on input line 259.
 [4

] [5

] [6

] [7

] [8

] [9

] [10

]
LaTeX Font Info:    External font `lmex10' loaded for size
(Font)              <14.4> on input line 272.
LaTeX Font Info:    Font shape `OT1/ptm/bx/n' in size <14.4> not available
(Font)              Font shape `OT1/ptm/b/n' tried instead on input line 272.
 [11

]
<figures/sphere-cut_locus_point.pdf, id=147, page=1, 348.61412pt x 348.61412pt>
File: figures/sphere-cut_locus_point.pdf Graphic file (type pdf)
<use figures/sphere-cut_locus_point.pdf, page 1>
Package pdftex.def Info: figures/sphere-cut_locus_point.pdf , page1 used on input line 272.
(pdftex.def)             Requested size: 170.71652pt x 170.71602pt.

Overfull \vbox (13.5995pt too high) detected at line 272
 []

[12

 </home/sachchidanand/Dropbox/Talks/IINMM-2022/figures/sphere-cut_locus_point.pdf>]
<figures/sphere-cut_locus_point.pdf, id=167, page=2, 348.61412pt x 348.61412pt>
File: figures/sphere-cut_locus_point.pdf Graphic file (type pdf)
<use figures/sphere-cut_locus_point.pdf, page 2>
Package pdftex.def Info: figures/sphere-cut_locus_point.pdf , page2 used on input line 272.
(pdftex.def)             Requested size: 170.71652pt x 170.71602pt.

Overfull \vbox (13.5995pt too high) detected at line 272
 []

[13

 </home/sachchidanand/Dropbox/Talks/IINMM-2022/figures/sphere-cut_locus_point.pdf>]
<figures/sphere-cut_locus_point.pdf, id=189, page=3, 348.61412pt x 348.61412pt>
File: figures/sphere-cut_locus_point.pdf Graphic file (type pdf)
<use figures/sphere-cut_locus_point.pdf, page 3>
Package pdftex.def Info: figures/sphere-cut_locus_point.pdf , page3 used on input line 272.
(pdftex.def)             Requested size: 170.71652pt x 170.71602pt.

Overfull \vbox (13.5995pt too high) detected at line 272
 []

[14

 </home/sachchidanand/Dropbox/Talks/IINMM-2022/figures/sphere-cut_locus_point.pdf>]
<figures/sphere-cut_locus_point.pdf, id=211, page=4, 348.61412pt x 348.61412pt>
File: figures/sphere-cut_locus_point.pdf Graphic file (type pdf)
<use figures/sphere-cut_locus_point.pdf, page 4>
Package pdftex.def Info: figures/sphere-cut_locus_point.pdf , page4 used on input line 272.
(pdftex.def)             Requested size: 170.71652pt x 170.71602pt.

Overfull \vbox (13.5995pt too high) detected at line 272
 []

[15

 </home/sachchidanand/Dropbox/Talks/IINMM-2022/figures/sphere-cut_locus_point.pdf>]
<figures/sphere-cut_locus_point.pdf, id=237, page=5, 348.61412pt x 348.61412pt>
File: figures/sphere-cut_locus_point.pdf Graphic file (type pdf)
<use figures/sphere-cut_locus_point.pdf, page 5>
Package pdftex.def Info: figures/sphere-cut_locus_point.pdf , page5 used on input line 272.
(pdftex.def)             Requested size: 170.71652pt x 170.71602pt.

Overfull \vbox (4.07953pt too high) detected at line 272
 []

[16

 </home/sachchidanand/Dropbox/Talks/IINMM-2022/figures/sphere-cut_locus_point.pdf>] [17

]
<figures/torus-cut-locus.pdf, id=271, page=1, 1029.25287pt x 650.56018pt>
File: figures/torus-cut-locus.pdf Graphic file (type pdf)
<use figures/torus-cut-locus.pdf, page 1>
Package pdftex.def Info: figures/torus-cut-locus.pdf , page1 used on input line 285.
(pdftex.def)             Requested size: 227.62204pt x 143.86818pt.
 [18

 </home/sachchidanand/Dropbox/Talks/IINMM-2022/figures/torus-cut-locus.pdf>]
<figures/torus-cut-locus.pdf, id=301, page=2, 1029.25287pt x 650.56018pt>
File: figures/torus-cut-locus.pdf Graphic file (type pdf)
<use figures/torus-cut-locus.pdf, page 2>
Package pdftex.def Info: figures/torus-cut-locus.pdf , page2 used on input line 285.
(pdftex.def)             Requested size: 227.62204pt x 143.86818pt.
 [19

 </home/sachchidanand/Dropbox/Talks/IINMM-2022/figures/torus-cut-locus.pdf>]
<figures/torus-cut-locus.pdf, id=335, page=3, 1029.25287pt x 650.56018pt>
File: figures/torus-cut-locus.pdf Graphic file (type pdf)
<use figures/torus-cut-locus.pdf, page 3>
Package pdftex.def Info: figures/torus-cut-locus.pdf , page3 used on input line 285.
(pdftex.def)             Requested size: 227.62204pt x 143.86818pt.
 [20

 </home/sachchidanand/Dropbox/Talks/IINMM-2022/figures/torus-cut-locus.pdf>]
<figures/torus-cut-locus.pdf, id=371, page=4, 1029.25287pt x 650.56018pt>
File: figures/torus-cut-locus.pdf Graphic file (type pdf)
<use figures/torus-cut-locus.pdf, page 4>
Package pdftex.def Info: figures/torus-cut-locus.pdf , page4 used on input line 285.
(pdftex.def)             Requested size: 227.62204pt x 143.86818pt.
 [21

 </home/sachchidanand/Dropbox/Talks/IINMM-2022/figures/torus-cut-locus.pdf>] [22

] [23

] [24

] [25

] [26

] [27

] [28

] [29

] [30

] [31

] [32

] [33

] [34

] [35

]
<figures/sphere-cut-locus-submanifold.pdf, id=500, page=1, 348.61412pt x 348.61412pt>
File: figures/sphere-cut-locus-submanifold.pdf Graphic file (type pdf)
<use figures/sphere-cut-locus-submanifold.pdf, page 1>
Package pdftex.def Info: figures/sphere-cut-locus-submanifold.pdf , page1 used on input line 312.
(pdftex.def)             Requested size: 170.71652pt x 170.71602pt.

Overfull \vbox (13.5995pt too high) detected at line 312
 []

[36

 </home/sachchidanand/Dropbox/Talks/IINMM-2022/figures/sphere-cut-locus-submanifold.pdf>]
<figures/sphere-cut-locus-submanifold.pdf, id=514, page=2, 348.61412pt x 348.61412pt>
File: figures/sphere-cut-locus-submanifold.pdf Graphic file (type pdf)
<use figures/sphere-cut-locus-submanifold.pdf, page 2>
Package pdftex.def Info: figures/sphere-cut-locus-submanifold.pdf , page2 used on input line 312.
(pdftex.def)             Requested size: 170.71652pt x 170.71602pt.

Overfull \vbox (13.5995pt too high) detected at line 312
 []

[37

 </home/sachchidanand/Dropbox/Talks/IINMM-2022/figures/sphere-cut-locus-submanifold.pdf>]
<figures/sphere-cut-locus-submanifold.pdf, id=531, page=3, 348.61412pt x 348.61412pt>
File: figures/sphere-cut-locus-submanifold.pdf Graphic file (type pdf)
<use figures/sphere-cut-locus-submanifold.pdf, page 3>
Package pdftex.def Info: figures/sphere-cut-locus-submanifold.pdf , page3 used on input line 312.
(pdftex.def)             Requested size: 170.71652pt x 170.71602pt.

Overfull \vbox (13.5995pt too high) detected at line 312
 []

[38

 </home/sachchidanand/Dropbox/Talks/IINMM-2022/figures/sphere-cut-locus-submanifold.pdf>]
<figures/sphere-cut-locus-submanifold.pdf, id=553, page=4, 348.61412pt x 348.61412pt>
File: figures/sphere-cut-locus-submanifold.pdf Graphic file (type pdf)
<use figures/sphere-cut-locus-submanifold.pdf, page 4>
Package pdftex.def Info: figures/sphere-cut-locus-submanifold.pdf , page4 used on input line 312.
(pdftex.def)             Requested size: 170.71652pt x 170.71602pt.

Overfull \vbox (13.5995pt too high) detected at line 312
 []

[39

 </home/sachchidanand/Dropbox/Talks/IINMM-2022/figures/sphere-cut-locus-submanifold.pdf>]
<figures/sphere-cut-locus-submanifold.pdf, id=580, page=5, 348.61412pt x 348.61412pt>
File: figures/sphere-cut-locus-submanifold.pdf Graphic file (type pdf)
<use figures/sphere-cut-locus-submanifold.pdf, page 5>
Package pdftex.def Info: figures/sphere-cut-locus-submanifold.pdf , page5 used on input line 312.
(pdftex.def)             Requested size: 170.71652pt x 170.71602pt.

Overfull \vbox (4.07953pt too high) detected at line 312
 []

[40

 </home/sachchidanand/Dropbox/Talks/IINMM-2022/figures/sphere-cut-locus-submanifold.pdf>] [41

] [42

] [43

] [44

] [45

] [46

] [47

] [48

] [49

] [50

] [51

] [52

] [53

] [54

] [55

] [56

] [57

] [58

] [59

] [60

] [61

] [62

] [63

] [64

] [65

] [66

]
Overfull \vbox (32.83759pt too high) detected at line 379
 []

[67

]
<figures/se_of_N_mod_G.pdf, id=787, page=1, 367.57225pt x 469.22804pt>
File: figures/se_of_N_mod_G.pdf Graphic file (type pdf)
<use figures/se_of_N_mod_G.pdf, page 1>
Package pdftex.def Info: figures/se_of_N_mod_G.pdf , page1 used on input line 379.
(pdftex.def)             Requested size: 165.40598pt x 211.15067pt.

Overfull \hbox (14.79521pt too wide) in paragraph at lines 379--379
[][] 
 []


Overfull \vbox (32.83759pt too high) detected at line 379
 []

[68

 </home/sachchidanand/Dropbox/Talks/IINMM-2022/figures/se_of_N_mod_G.pdf>]
<figures/se_of_N_mod_G.pdf, id=818, page=2, 367.57225pt x 469.22804pt>
File: figures/se_of_N_mod_G.pdf Graphic file (type pdf)
<use figures/se_of_N_mod_G.pdf, page 2>
Package pdftex.def Info: figures/se_of_N_mod_G.pdf , page2 used on input line 379.
(pdftex.def)             Requested size: 165.40598pt x 211.15067pt.

Overfull \hbox (14.79521pt too wide) in paragraph at lines 379--379
[][] 
 []


Overfull \vbox (32.83759pt too high) detected at line 379
 []

[69

 </home/sachchidanand/Dropbox/Talks/IINMM-2022/figures/se_of_N_mod_G.pdf>]
<figures/se_of_N_mod_G.pdf, id=849, page=3, 367.57225pt x 469.22804pt>
File: figures/se_of_N_mod_G.pdf Graphic file (type pdf)
<use figures/se_of_N_mod_G.pdf, page 3>
Package pdftex.def Info: figures/se_of_N_mod_G.pdf , page3 used on input line 379.
(pdftex.def)             Requested size: 165.40598pt x 211.15067pt.

Overfull \hbox (14.79521pt too wide) in paragraph at lines 379--379
[][] 
 []


Overfull \vbox (32.83759pt too high) detected at line 379
 []

[70

 </home/sachchidanand/Dropbox/Talks/IINMM-2022/figures/se_of_N_mod_G.pdf>]
<figures/se_of_N_mod_G.pdf, id=881, page=4, 367.57225pt x 469.22804pt>
File: figures/se_of_N_mod_G.pdf Graphic file (type pdf)
<use figures/se_of_N_mod_G.pdf, page 4>
Package pdftex.def Info: figures/se_of_N_mod_G.pdf , page4 used on input line 379.
(pdftex.def)             Requested size: 165.40598pt x 211.15067pt.

Overfull \hbox (14.79521pt too wide) in paragraph at lines 379--379
[][] 
 []


Overfull \vbox (32.83759pt too high) detected at line 379
 []

[71

 </home/sachchidanand/Dropbox/Talks/IINMM-2022/figures/se_of_N_mod_G.pdf>]
<figures/se_of_N_mod_G.pdf, id=912, page=5, 367.57225pt x 469.22804pt>
File: figures/se_of_N_mod_G.pdf Graphic file (type pdf)
<use figures/se_of_N_mod_G.pdf, page 5>
Package pdftex.def Info: figures/se_of_N_mod_G.pdf , page5 used on input line 379.
(pdftex.def)             Requested size: 165.40598pt x 211.15067pt.

Overfull \hbox (14.79521pt too wide) in paragraph at lines 379--379
[][]  
 []


Overfull \vbox (32.83759pt too high) detected at line 379
 []

[72

 </home/sachchidanand/Dropbox/Talks/IINMM-2022/figures/se_of_N_mod_G.pdf>]
File: figures/se_of_N_mod_G.pdf Graphic file (type pdf)
<use figures/se_of_N_mod_G.pdf, page 5>
Package pdftex.def Info: figures/se_of_N_mod_G.pdf , page5 used on input line 379.
(pdftex.def)             Requested size: 165.40598pt x 211.15067pt.

Overfull \hbox (14.79521pt too wide) in paragraph at lines 379--379
[][]  
 []


Overfull \vbox (32.83759pt too high) detected at line 379
 []

[73

]
File: figures/se_of_N_mod_G.pdf Graphic file (type pdf)
<use figures/se_of_N_mod_G.pdf, page 5>
Package pdftex.def Info: figures/se_of_N_mod_G.pdf , page5 used on input line 379.
(pdftex.def)             Requested size: 165.40598pt x 211.15067pt.

Overfull \hbox (14.79521pt too wide) in paragraph at lines 379--379
[][]  
 []


Overfull \vbox (32.83759pt too high) detected at line 379
 []

[74

]
File: figures/se_of_N_mod_G.pdf Graphic file (type pdf)
<use figures/se_of_N_mod_G.pdf, page 5>
Package pdftex.def Info: figures/se_of_N_mod_G.pdf , page5 used on input line 379.
(pdftex.def)             Requested size: 165.40598pt x 211.15067pt.

Overfull \hbox (14.79521pt too wide) in paragraph at lines 379--379
[][]  
 []


Overfull \vbox (32.83759pt too high) detected at line 379
 []

[75

]
File: figures/se_of_N_mod_G.pdf Graphic file (type pdf)
<use figures/se_of_N_mod_G.pdf, page 5>
Package pdftex.def Info: figures/se_of_N_mod_G.pdf , page5 used on input line 379.
(pdftex.def)             Requested size: 165.40598pt x 211.15067pt.

Overfull \hbox (14.79521pt too wide) in paragraph at lines 379--379
[][]  
 []


Overfull \vbox (32.83759pt too high) detected at line 379
 []

[76

] [77

] [78

] [79

] [80

] [81

] [82

] [83

] [84

] [85

] [86

] [87

] [88

] [89

] [90

] [91

] [92

] [93

] [94

] [95

] [96

] [97

]
LaTeX Font Info:    External font `lmex10' loaded for size
(Font)              <5> on input line 409.
LaTeX Font Info:    Font shape `OT1/ptm/bx/n' in size <5> not available
(Font)              Font shape `OT1/ptm/b/n' tried instead on input line 409.
 [98

] [99

] [100

] [101

] [102

] [103

] [104

] [105

] [106

] [107

] [108

] [109

] [110

] [111

] [112

] [113

]
LaTeX Font Info:    External font `lmex10' loaded for size
(Font)              <10> on input line 471.
LaTeX Font Info:    External font `lmex10' loaded for size
(Font)              <7.4> on input line 471.
LaTeX Font Info:    Font shape `OT1/ptm/bx/n' in size <10> not available
(Font)              Font shape `OT1/ptm/b/n' tried instead on input line 471.
LaTeX Font Info:    Font shape `OT1/ptm/bx/n' in size <7.4> not available
(Font)              Font shape `OT1/ptm/b/n' tried instead on input line 471.

Overfull \vbox (89.74309pt too high) detected at line 471
 []

[114

]
<figures/proof_of_the_main_theorem-one-side.pdf, id=1216, page=1, 299.61937pt x 346.02275pt>
File: figures/proof_of_the_main_theorem-one-side.pdf Graphic file (type pdf)
<use figures/proof_of_the_main_theorem-one-side.pdf, page 1>
Package pdftex.def Info: figures/proof_of_the_main_theorem-one-side.pdf , page1 used on input line 471.
(pdftex.def)             Requested size: 134.82747pt x 155.70879pt.

Overfull \vbox (89.74309pt too high) detected at line 471
 []

[115

 </home/sachchidanand/Dropbox/Talks/IINMM-2022/figures/proof_of_the_main_theorem-one-side.pdf>]
<figures/proof_of_the_main_theorem-one-side.pdf, id=1247, page=2, 299.61937pt x 346.02275pt>
File: figures/proof_of_the_main_theorem-one-side.pdf Graphic file (type pdf)
<use figures/proof_of_the_main_theorem-one-side.pdf, page 2>
Package pdftex.def Info: figures/proof_of_the_main_theorem-one-side.pdf , page2 used on input line 471.
(pdftex.def)             Requested size: 134.82747pt x 155.70879pt.

Overfull \vbox (89.74309pt too high) detected at line 471
 []

[116

 </home/sachchidanand/Dropbox/Talks/IINMM-2022/figures/proof_of_the_main_theorem-one-side.pdf>]
File: figures/proof_of_the_main_theorem-one-side.pdf Graphic file (type pdf)
<use figures/proof_of_the_main_theorem-one-side.pdf, page 2>
Package pdftex.def Info: figures/proof_of_the_main_theorem-one-side.pdf , page2 used on input line 471.
(pdftex.def)             Requested size: 134.82747pt x 155.70879pt.

Overfull \vbox (89.74309pt too high) detected at line 471
 []

[117

]
File: figures/proof_of_the_main_theorem-one-side.pdf Graphic file (type pdf)
<use figures/proof_of_the_main_theorem-one-side.pdf, page 2>
Package pdftex.def Info: figures/proof_of_the_main_theorem-one-side.pdf , page2 used on input line 471.
(pdftex.def)             Requested size: 134.82747pt x 155.70879pt.

Overfull \vbox (89.74309pt too high) detected at line 471
 []

[118

]
File: figures/proof_of_the_main_theorem-one-side.pdf Graphic file (type pdf)
<use figures/proof_of_the_main_theorem-one-side.pdf, page 2>
Package pdftex.def Info: figures/proof_of_the_main_theorem-one-side.pdf , page2 used on input line 471.
(pdftex.def)             Requested size: 134.82747pt x 155.70879pt.

Overfull \vbox (89.74309pt too high) detected at line 471
 []

[119

]
File: figures/proof_of_the_main_theorem-one-side.pdf Graphic file (type pdf)
<use figures/proof_of_the_main_theorem-one-side.pdf, page 2>
Package pdftex.def Info: figures/proof_of_the_main_theorem-one-side.pdf , page2 used on input line 471.
(pdftex.def)             Requested size: 134.82747pt x 155.70879pt.

Overfull \vbox (89.74309pt too high) detected at line 471
 []

[120

]
<figures/proof_of_the_main_theorem-one-side.pdf, id=1301, page=3, 299.61937pt x 346.02275pt>
File: figures/proof_of_the_main_theorem-one-side.pdf Graphic file (type pdf)
<use figures/proof_of_the_main_theorem-one-side.pdf, page 3>
Package pdftex.def Info: figures/proof_of_the_main_theorem-one-side.pdf , page3 used on input line 471.
(pdftex.def)             Requested size: 134.82747pt x 155.70879pt.

Overfull \vbox (89.74309pt too high) detected at line 471
 []

[121

 </home/sachchidanand/Dropbox/Talks/IINMM-2022/figures/proof_of_the_main_theorem-one-side.pdf>]
File: figures/proof_of_the_main_theorem-one-side.pdf Graphic file (type pdf)
<use figures/proof_of_the_main_theorem-one-side.pdf, page 3>
Package pdftex.def Info: figures/proof_of_the_main_theorem-one-side.pdf , page3 used on input line 471.
(pdftex.def)             Requested size: 134.82747pt x 155.70879pt.

Overfull \vbox (89.74309pt too high) detected at line 471
 []

[122

]
File: figures/proof_of_the_main_theorem-one-side.pdf Graphic file (type pdf)
<use figures/proof_of_the_main_theorem-one-side.pdf, page 3>
Package pdftex.def Info: figures/proof_of_the_main_theorem-one-side.pdf , page3 used on input line 471.
(pdftex.def)             Requested size: 134.82747pt x 155.70879pt.

Overfull \vbox (89.74309pt too high) detected at line 471
 []

[123

]
<figures/proof_of_the_main_theorem-one-side.pdf, id=1345, page=4, 299.61937pt x 346.02275pt>
File: figures/proof_of_the_main_theorem-one-side.pdf Graphic file (type pdf)
<use figures/proof_of_the_main_theorem-one-side.pdf, page 4>
Package pdftex.def Info: figures/proof_of_the_main_theorem-one-side.pdf , page4 used on input line 471.
(pdftex.def)             Requested size: 134.82747pt x 155.70879pt.

Overfull \vbox (89.74309pt too high) detected at line 471
 []

[124

 </home/sachchidanand/Dropbox/Talks/IINMM-2022/figures/proof_of_the_main_theorem-one-side.pdf>]
<figures/proof_of_the_main_theorem-one-side.pdf, id=1375, page=5, 299.61937pt x 346.02275pt>
File: figures/proof_of_the_main_theorem-one-side.pdf Graphic file (type pdf)
<use figures/proof_of_the_main_theorem-one-side.pdf, page 5>
Package pdftex.def Info: figures/proof_of_the_main_theorem-one-side.pdf , page5 used on input line 471.
(pdftex.def)             Requested size: 134.82747pt x 155.70879pt.

Overfull \vbox (89.74309pt too high) detected at line 471
 []

[125

 </home/sachchidanand/Dropbox/Talks/IINMM-2022/figures/proof_of_the_main_theorem-one-side.pdf>]
File: figures/proof_of_the_main_theorem-one-side.pdf Graphic file (type pdf)
<use figures/proof_of_the_main_theorem-one-side.pdf, page 5>
Package pdftex.def Info: figures/proof_of_the_main_theorem-one-side.pdf , page5 used on input line 471.
(pdftex.def)             Requested size: 134.82747pt x 155.70879pt.

Overfull \vbox (89.74309pt too high) detected at line 471
 []

[126

]
<figures/proof_of_the_main_theorem-one-side.pdf, id=1411, page=6, 299.61937pt x 346.02275pt>
File: figures/proof_of_the_main_theorem-one-side.pdf Graphic file (type pdf)
<use figures/proof_of_the_main_theorem-one-side.pdf, page 6>
Package pdftex.def Info: figures/proof_of_the_main_theorem-one-side.pdf , page6 used on input line 471.
(pdftex.def)             Requested size: 134.82747pt x 155.70879pt.

Overfull \vbox (89.74309pt too high) detected at line 471
 []

[127

 </home/sachchidanand/Dropbox/Talks/IINMM-2022/figures/proof_of_the_main_theorem-one-side.pdf>]
<figures/proof_of_the_main_theorem-one-side.pdf, id=1442, page=7, 299.61937pt x 346.02275pt>
File: figures/proof_of_the_main_theorem-one-side.pdf Graphic file (type pdf)
<use figures/proof_of_the_main_theorem-one-side.pdf, page 7>
Package pdftex.def Info: figures/proof_of_the_main_theorem-one-side.pdf , page7 used on input line 471.
(pdftex.def)             Requested size: 134.82747pt x 155.70879pt.

Overfull \vbox (89.74309pt too high) detected at line 471
 []

[128

 </home/sachchidanand/Dropbox/Talks/IINMM-2022/figures/proof_of_the_main_theorem-one-side.pdf>]
File: figures/proof_of_the_main_theorem-one-side.pdf Graphic file (type pdf)
<use figures/proof_of_the_main_theorem-one-side.pdf, page 7>
Package pdftex.def Info: figures/proof_of_the_main_theorem-one-side.pdf , page7 used on input line 471.
(pdftex.def)             Requested size: 134.82747pt x 155.70879pt.

Overfull \vbox (89.74309pt too high) detected at line 471
 []

[129

]
Overfull \vbox (89.74309pt too high) detected at line 500
 []

[130

]
<figures/proof_of_the_main_theorem-other-side.pdf, id=1484, page=1, 347.66788pt x 375.36436pt>
File: figures/proof_of_the_main_theorem-other-side.pdf Graphic file (type pdf)
<use figures/proof_of_the_main_theorem-other-side.pdf, page 1>
Package pdftex.def Info: figures/proof_of_the_main_theorem-other-side.pdf , page1 used on input line 500.
(pdftex.def)             Requested size: 156.4491pt x 168.9124pt.

Overfull \hbox (5.83833pt too wide) in paragraph at lines 500--500
[][] 
 []


Overfull \vbox (89.74309pt too high) detected at line 500
 []

[131

 </home/sachchidanand/Dropbox/Talks/IINMM-2022/figures/proof_of_the_main_theorem-other-side.pdf>]
<figures/proof_of_the_main_theorem-other-side.pdf, id=1511, page=2, 347.66788pt x 375.36436pt>
File: figures/proof_of_the_main_theorem-other-side.pdf Graphic file (type pdf)
<use figures/proof_of_the_main_theorem-other-side.pdf, page 2>
Package pdftex.def Info: figures/proof_of_the_main_theorem-other-side.pdf , page2 used on input line 500.
(pdftex.def)             Requested size: 156.4491pt x 168.9124pt.

Overfull \hbox (5.83833pt too wide) in paragraph at lines 500--500
[][] 
 []


Overfull \vbox (89.74309pt too high) detected at line 500
 []

[132

 </home/sachchidanand/Dropbox/Talks/IINMM-2022/figures/proof_of_the_main_theorem-other-side.pdf>]
<figures/proof_of_the_main_theorem-other-side.pdf, id=1538, page=3, 347.66788pt x 375.36436pt>
File: figures/proof_of_the_main_theorem-other-side.pdf Graphic file (type pdf)
<use figures/proof_of_the_main_theorem-other-side.pdf, page 3>
Package pdftex.def Info: figures/proof_of_the_main_theorem-other-side.pdf , page3 used on input line 500.
(pdftex.def)             Requested size: 156.4491pt x 168.9124pt.

Overfull \hbox (5.83833pt too wide) in paragraph at lines 500--500
[][] 
 []


Overfull \vbox (89.74309pt too high) detected at line 500
 []

[133

 </home/sachchidanand/Dropbox/Talks/IINMM-2022/figures/proof_of_the_main_theorem-other-side.pdf>]
<figures/proof_of_the_main_theorem-other-side.pdf, id=1567, page=4, 347.66788pt x 375.36436pt>
File: figures/proof_of_the_main_theorem-other-side.pdf Graphic file (type pdf)
<use figures/proof_of_the_main_theorem-other-side.pdf, page 4>
Package pdftex.def Info: figures/proof_of_the_main_theorem-other-side.pdf , page4 used on input line 500.
(pdftex.def)             Requested size: 156.4491pt x 168.9124pt.

Overfull \hbox (5.83833pt too wide) in paragraph at lines 500--500
[][] 
 []


Overfull \vbox (89.74309pt too high) detected at line 500
 []

[134

 </home/sachchidanand/Dropbox/Talks/IINMM-2022/figures/proof_of_the_main_theorem-other-side.pdf>]
<figures/proof_of_the_main_theorem-other-side.pdf, id=1594, page=5, 347.66788pt x 375.36436pt>
File: figures/proof_of_the_main_theorem-other-side.pdf Graphic file (type pdf)
<use figures/proof_of_the_main_theorem-other-side.pdf, page 5>
Package pdftex.def Info: figures/proof_of_the_main_theorem-other-side.pdf , page5 used on input line 500.
(pdftex.def)             Requested size: 156.4491pt x 168.9124pt.

Overfull \hbox (5.83833pt too wide) in paragraph at lines 500--500
[][]  
 []


Overfull \vbox (89.74309pt too high) detected at line 500
 []

[135

 </home/sachchidanand/Dropbox/Talks/IINMM-2022/figures/proof_of_the_main_theorem-other-side.pdf>]
File: figures/proof_of_the_main_theorem-other-side.pdf Graphic file (type pdf)
<use figures/proof_of_the_main_theorem-other-side.pdf, page 5>
Package pdftex.def Info: figures/proof_of_the_main_theorem-other-side.pdf , page5 used on input line 500.
(pdftex.def)             Requested size: 156.4491pt x 168.9124pt.

Overfull \hbox (5.83833pt too wide) in paragraph at lines 500--500
[][]  
 []


Overfull \vbox (89.74309pt too high) detected at line 500
 []

[136

]
File: figures/proof_of_the_main_theorem-other-side.pdf Graphic file (type pdf)
<use figures/proof_of_the_main_theorem-other-side.pdf, page 5>
Package pdftex.def Info: figures/proof_of_the_main_theorem-other-side.pdf , page5 used on input line 500.
(pdftex.def)             Requested size: 156.4491pt x 168.9124pt.

Overfull \hbox (5.83833pt too wide) in paragraph at lines 500--500
[][]  
 []


Overfull \vbox (89.74309pt too high) detected at line 500
 []

[137

]
File: figures/proof_of_the_main_theorem-other-side.pdf Graphic file (type pdf)
<use figures/proof_of_the_main_theorem-other-side.pdf, page 5>
Package pdftex.def Info: figures/proof_of_the_main_theorem-other-side.pdf , page5 used on input line 500.
(pdftex.def)             Requested size: 156.4491pt x 168.9124pt.

Overfull \hbox (5.83833pt too wide) in paragraph at lines 500--500
[][]  
 []


Overfull \vbox (89.74309pt too high) detected at line 500
 []

[138

]
File: figures/proof_of_the_main_theorem-other-side.pdf Graphic file (type pdf)
<use figures/proof_of_the_main_theorem-other-side.pdf, page 5>
Package pdftex.def Info: figures/proof_of_the_main_theorem-other-side.pdf , page5 used on input line 500.
(pdftex.def)             Requested size: 156.4491pt x 168.9124pt.

Overfull \hbox (5.83833pt too wide) in paragraph at lines 500--500
[][]  
 []


Overfull \vbox (89.74309pt too high) detected at line 500
 []

[139

]
File: figures/proof_of_the_main_theorem-other-side.pdf Graphic file (type pdf)
<use figures/proof_of_the_main_theorem-other-side.pdf, page 5>
Package pdftex.def Info: figures/proof_of_the_main_theorem-other-side.pdf , page5 used on input line 500.
(pdftex.def)             Requested size: 156.4491pt x 168.9124pt.

Overfull \hbox (5.83833pt too wide) in paragraph at lines 500--500
[][]  
 []


Overfull \vbox (89.74309pt too high) detected at line 500
 []

[140

]
File: figures/proof_of_the_main_theorem-other-side.pdf Graphic file (type pdf)
<use figures/proof_of_the_main_theorem-other-side.pdf, page 5>
Package pdftex.def Info: figures/proof_of_the_main_theorem-other-side.pdf , page5 used on input line 500.
(pdftex.def)             Requested size: 156.4491pt x 168.9124pt.

Overfull \hbox (5.83833pt too wide) in paragraph at lines 500--500
[][]  
 []


Overfull \vbox (89.74309pt too high) detected at line 500
 []

[141

]
LaTeX Font Info:    Font shape `OT1/EBGaramond-OsF/m/n' in size <24.88> not available
(Font)              Font shape `OT1/EBGaramond-OsF/regular/n' tried instead on input line 506.
LaTeX Font Info:    Font shape `OT1/EBGaramond-OsF/regular/n' will be
(Font)              scaled to size 24.88pt on input line 506.
 [142

]
\tf@nav=\write8
\openout8 = `IINMM-2022.nav'.

\tf@toc=\write9
\openout9 = `IINMM-2022.toc'.

\tf@snm=\write10
\openout10 = `IINMM-2022.snm'.

Package atveryend Info: Empty hook `BeforeClearDocument' on input line 508.
Package atveryend Info: Empty hook `AfterLastShipout' on input line 508.
 (/home/sachchidanand/Dropbox/Talks/IINMM-2022/IINMM-2022.aux)
Package atveryend Info: Executing hook `AtVeryEndDocument' on input line 508.
Package atveryend Info: Empty hook `AtEndAfterFileList' on input line 508.
 ) 
Here is how much of TeX's memory you used:
 35313 strings out of 482583
 718379 string characters out of 5953226
 1082319 words of memory out of 5000000
 49337 multiletter control sequences out of 15000+600000
 607018 words of font info for 128 fonts, out of 8000000 for 9000
 309 hyphenation exceptions out of 8191
 70i,18n,111p,3317b,960s stack positions out of 5000i,500n,10000p,200000b,80000s
{/usr/share/texmf/fonts/enc/dvips/lm/lm-mathit.enc}{/usr/share/texmf/fonts/enc/dvips/lm/lm-rm.enc}{/usr/share/texmf/fonts/enc/dvips/lm/lm-mathsy.enc}{/usr/share/texmf/fonts/enc/dvips/lm/lm-mathex.enc}{/usr/share/texlive/texmf-dist/fonts/enc/dvips/ebgaramond/ebgm_tsrvmb.enc}{/usr/share/texlive/texmf-dist/fonts/enc/dvips/ebgaramond/ebgm_fc2mbn.enc}</usr/share/texlive/texmf-dist/fonts/type1/public/ebgaramond/EBGaramond-Italic.pfb></usr/share/texlive/texmf-dist/fonts/type1/public/ebgaramond/EBGaramond-Regular.pfb></usr/share/texmf/fonts/type1/public/lm/lmex10.pfb></usr/share/texmf/fonts/type1/public/lm/lmmi10.pfb></usr/share/texmf/fonts/type1/public/lm/lmmi12.pfb></usr/share/texmf/fonts/type1/public/lm/lmmi6.pfb></usr/share/texmf/fonts/type1/public/lm/lmmi7.pfb></usr/share/texmf/fonts/type1/public/lm/lmmi8.pfb></usr/share/texmf/fonts/type1/public/lm/lmr10.pfb></usr/share/texmf/fonts/type1/public/lm/lmr12.pfb></usr/share/texmf/fonts/type1/public/lm/lmr7.pfb></usr/share/texmf/fonts/type1/public/lm/lmr8.pfb></usr/share/texmf/fonts/type1/public/lm/lmsy10.pfb></usr/share/texmf/fonts/type1/public/lm/lmsy7.pfb></usr/share/texmf/fonts/type1/public/lm/lmsy8.pfb></usr/share/texlive/texmf-dist/fonts/type1/public/amsfonts/symbols/msbm10.pfb>
Output written on /home/sachchidanand/Dropbox/Talks/IINMM-2022/IINMM-2022.pdf (142 pages, 1013540 bytes).
PDF statistics:
 1803 PDF objects out of 2073 (max. 8388607)
 1232 compressed objects within 13 object streams
 297 named destinations out of 1000 (max. 500000)
 439 words of extra memory for PDF output out of 10000 (max. 10000000)

